<?xml version="1.0" encoding="UTF-8"?><TestRun id="fad38b0c-f1df-4f42-b0ba-1597460f8494" name="pranayp@PRANAY-TEST 2014-08-08 11:37:31" runUser="REDMOND\pranayp" xmlns="http://microsoft.com/schemas/VisualStudio/TeamTest/2010">  <Times creation="2014-08-08T11:37:31.2168691-07:00" queuing="2014-08-08T11:37:31.2168691-07:00" start="2014-08-08T11:37:31.2218691-07:00" finish="2014-08-08T11:42:12.4008691-07:00" />  <TestSettings name="default" id="7548d65d-cfab-4d87-b042-b00e548d4e26">    <Execution>      <TestTypeSpecific />    </Execution>    <Deployment runDeploymentRoot="pranayp_PRANAY-TEST 2014-08-08 11_37_31" />  </TestSettings>  <Results>    <UnitTestResult executionId="0c6320d6-5a36-4f7e-ad52-73aea908096f" testId="15cb34d8-a0e5-4392-2cc5-88a008dfc7e7" testName="TestAzureExternalNames" computerName="PRANAY-TEST" duration="00:00:00.0869401" startTime="2014-08-08T11:37:31.0048691-07:00" endTime="2014-08-08T11:37:31.1428691-07:00" testType="13cdc9d9-ddb5-4fa4-a97d-d965ccfc6d4b" outcome="Passed" testListId="8c84fa94-04c1-424b-9868-57a2d4851a1d" relativeResultsDirectory="0c6320d6-5a36-4f7e-ad52-73aea908096f" />    <UnitTestResult executionId="3c209d38-486b-43c3-8581-69cb3cdd1ed7" testId="d35e3170-b1ad-05a5-2590-a4f4ebea3c18" testName="TestSyncFabricGraph" computerName="PRANAY-TEST" duration="00:00:32.7973642" startTime="2014-08-08T11:37:31.1638691-07:00" endTime="2014-08-08T11:38:03.9598691-07:00" testType="13cdc9d9-ddb5-4fa4-a97d-d965ccfc6d4b" outcome="Passed" testListId="8c84fa94-04c1-424b-9868-57a2d4851a1d" relativeResultsDirectory="3c209d38-486b-43c3-8581-69cb3cdd1ed7" />    <UnitTestResult executionId="1c785e66-7c91-4bec-b28c-e93b81078423" testId="4759d957-76b0-dd02-0544-53db89b17c13" testName="TestCancellation" computerName="PRANAY-TEST" duration="00:00:01.2732957" startTime="2014-08-08T11:37:31.2728691-07:00" endTime="2014-08-08T11:37:32.5958691-07:00" testType="13cdc9d9-ddb5-4fa4-a97d-d965ccfc6d4b" outcome="Passed" testListId="8c84fa94-04c1-424b-9868-57a2d4851a1d" relativeResultsDirectory="1c785e66-7c91-4bec-b28c-e93b81078423" />    <UnitTestResult executionId="187eb6f3-1055-40d1-a120-10f8cabe0817" testId="513e1d13-bc54-06ff-ce58-63e069de757e" testName="TestDeferment" computerName="PRANAY-TEST" duration="00:00:11.9900230" startTime="2014-08-08T11:37:32.6148691-07:00" endTime="2014-08-08T11:37:44.6048691-07:00" testType="13cdc9d9-ddb5-4fa4-a97d-d965ccfc6d4b" outcome="Passed" testListId="8c84fa94-04c1-424b-9868-57a2d4851a1d" relativeResultsDirectory="187eb6f3-1055-40d1-a120-10f8cabe0817" />    <UnitTestResult executionId="86d1b3f6-dc7d-4e4f-940c-049a97a1cdc0" testId="f2924994-b9f3-8f93-4999-d913b3b479db" testName="TestDefermentMinimum" computerName="PRANAY-TEST" duration="00:00:00.1614743" startTime="2014-08-08T11:37:44.6058691-07:00" endTime="2014-08-08T11:37:44.7678691-07:00" testType="13cdc9d9-ddb5-4fa4-a97d-d965ccfc6d4b" outcome="Passed" testListId="8c84fa94-04c1-424b-9868-57a2d4851a1d" relativeResultsDirectory="86d1b3f6-dc7d-4e4f-940c-049a97a1cdc0" />    <UnitTestResult executionId="ead612a7-01da-485e-b0e4-f59cf2cc6b99" testId="9bee1e3e-0b58-16d5-2690-5dc5243a9d09" testName="TestEnqueue" computerName="PRANAY-TEST" duration="00:00:00.1103104" startTime="2014-08-08T11:37:44.7678691-07:00" endTime="2014-08-08T11:37:44.8778691-07:00" testType="13cdc9d9-ddb5-4fa4-a97d-d965ccfc6d4b" outcome="Passed" testListId="8c84fa94-04c1-424b-9868-57a2d4851a1d" relativeResultsDirectory="ead612a7-01da-485e-b0e4-f59cf2cc6b99" />    <UnitTestResult executionId="148aa0fd-e661-448e-81a3-a8d07de4d176" testId="551afdef-aee4-3d80-7a14-c0434deb5f78" testName="TestUpdate" computerName="PRANAY-TEST" duration="00:00:00.1116316" startTime="2014-08-08T11:37:44.8778691-07:00" endTime="2014-08-08T11:37:44.9898691-07:00" testType="13cdc9d9-ddb5-4fa4-a97d-d965ccfc6d4b" outcome="Passed" testListId="8c84fa94-04c1-424b-9868-57a2d4851a1d" relativeResultsDirectory="148aa0fd-e661-448e-81a3-a8d07de4d176" />    <UnitTestResult executionId="66b4aa5c-88e1-4893-a304-4f9a285e719c" testId="4970fbbb-83fc-b503-3769-d340eb13a0b4" testName="TestEvaluationDeltaAddEntrySoftDeleteUnspecified" computerName="PRANAY-TEST" duration="00:00:25.3699822" startTime="2014-08-08T11:37:21.0828691-07:00" endTime="2014-08-08T11:37:46.5048691-07:00" testType="13cdc9d9-ddb5-4fa4-a97d-d965ccfc6d4b" outcome="Passed" testListId="8c84fa94-04c1-424b-9868-57a2d4851a1d" relativeResultsDirectory="66b4aa5c-88e1-4893-a304-4f9a285e719c" />    <UnitTestResult executionId="0ee03bfe-1d9d-49b1-acd1-6eb2f2fc481b" testId="09f12975-9a0d-fce8-c101-382eca057836" testName="TestEvaluationDeltaAddEntry" computerName="PRANAY-TEST" duration="00:00:07.6447242" startTime="2014-08-08T11:37:46.5238691-07:00" endTime="2014-08-08T11:37:54.1688691-07:00" testType="13cdc9d9-ddb5-4fa4-a97d-d965ccfc6d4b" outcome="Passed" testListId="8c84fa94-04c1-424b-9868-57a2d4851a1d" relativeResultsDirectory="0ee03bfe-1d9d-49b1-acd1-6eb2f2fc481b" />    <UnitTestResult executionId="42e2f67c-f3f3-4dd5-9456-89b2fdba164e" testId="a12da05e-386c-d963-205f-d22afd97c64d" testName="TestEvaluationDeltaUpdateEntry" computerName="PRANAY-TEST" duration="00:00:09.7735273" startTime="2014-08-08T11:37:54.1698691-07:00" endTime="2014-08-08T11:38:03.9428691-07:00" testType="13cdc9d9-ddb5-4fa4-a97d-d965ccfc6d4b" outcome="Passed" testListId="8c84fa94-04c1-424b-9868-57a2d4851a1d" relativeResultsDirectory="42e2f67c-f3f3-4dd5-9456-89b2fdba164e" />    <UnitTestResult executionId="e2db3958-cb30-4052-9143-1f17580cf518" testId="ab1d1200-c9ce-cd2b-f079-fc16717eee2d" testName="TestEvaluationDeltaUpdateEntryNoUserName" computerName="PRANAY-TEST" duration="00:00:19.1090081" startTime="2014-08-08T11:38:03.9438691-07:00" endTime="2014-08-08T11:38:23.0518691-07:00" testType="13cdc9d9-ddb5-4fa4-a97d-d965ccfc6d4b" outcome="Passed" testListId="8c84fa94-04c1-424b-9868-57a2d4851a1d" relativeResultsDirectory="e2db3958-cb30-4052-9143-1f17580cf518" />    <UnitTestResult executionId="c6eeb941-dc51-44ee-ba1d-1b4590abe574" testId="13181342-9e51-1fd2-e42d-fe5aaca2a84d" testName="TestEvaluationDeltaDeleteEntry" computerName="PRANAY-TEST" duration="00:00:15.6131339" startTime="2014-08-08T11:38:23.0528691-07:00" endTime="2014-08-08T11:38:38.6648691-07:00" testType="13cdc9d9-ddb5-4fa4-a97d-d965ccfc6d4b" outcome="Passed" testListId="8c84fa94-04c1-424b-9868-57a2d4851a1d" relativeResultsDirectory="c6eeb941-dc51-44ee-ba1d-1b4590abe574" />    <UnitTestResult executionId="e60ca775-5387-4b16-bbed-d8a6ea47c08f" testId="4e87804c-92d3-e11c-2aa7-7757ec1ad9b4" testName="TestEvaluationDeltaEntitlementGrants" computerName="PRANAY-TEST" duration="00:00:12.3612999" startTime="2014-08-08T11:38:38.6658691-07:00" endTime="2014-08-08T11:38:51.0268691-07:00" testType="13cdc9d9-ddb5-4fa4-a97d-d965ccfc6d4b" outcome="Passed" testListId="8c84fa94-04c1-424b-9868-57a2d4851a1d" relativeResultsDirectory="e60ca775-5387-4b16-bbed-d8a6ea47c08f" />    <UnitTestResult executionId="91e12b2d-9533-443b-8b1d-cee1ba6f66f5" testId="169ee8de-30b5-3246-1822-e0d2c0fbc2c1" testName="TestEvaluationUpdateEntryModifyJoiningPropertyBox" computerName="PRANAY-TEST" duration="00:00:18.7160836" startTime="2014-08-08T11:38:51.0268691-07:00" endTime="2014-08-08T11:39:10.0378691-07:00" testType="13cdc9d9-ddb5-4fa4-a97d-d965ccfc6d4b" outcome="Passed" testListId="8c84fa94-04c1-424b-9868-57a2d4851a1d" relativeResultsDirectory="91e12b2d-9533-443b-8b1d-cee1ba6f66f5" />    <UnitTestResult executionId="d98ea427-ec24-446e-9a7b-2302e1457191" testId="525c64de-27e3-4b6a-b1fc-4003890433f9" testName="TestEvaluationDeltaAddEntryWithCustomSchema" computerName="PRANAY-TEST" duration="00:00:41.3159193" startTime="2014-08-08T11:39:10.0378691-07:00" endTime="2014-08-08T11:39:51.3518691-07:00" testType="13cdc9d9-ddb5-4fa4-a97d-d965ccfc6d4b" outcome="Passed" testListId="8c84fa94-04c1-424b-9868-57a2d4851a1d" relativeResultsDirectory="d98ea427-ec24-446e-9a7b-2302e1457191" />    <UnitTestResult executionId="a96166c0-d729-45a8-ab08-ad3390dae75b" testId="81c66a64-3176-f482-1e71-085c4d24bfcd" testName="TestEvaluationDeltaAddEntrySoftDeleteUnspecified" computerName="PRANAY-TEST" duration="00:00:34.8672630" startTime="2014-08-08T11:39:51.3528691-07:00" endTime="2014-08-08T11:40:26.2178691-07:00" testType="13cdc9d9-ddb5-4fa4-a97d-d965ccfc6d4b" outcome="Failed" testListId="8c84fa94-04c1-424b-9868-57a2d4851a1d" relativeResultsDirectory="a96166c0-d729-45a8-ab08-ad3390dae75b">      <Output>        <ErrorInfo>          <Message>Assert.AreEqual failed. Expected:&lt;2&gt;. Actual:&lt;3&gt;. </Message>          <StackTrace>   at Microsoft.ActiveDirectory.Connector.Test.ServiceNowOutboundDeltaSyncRuleUnitTest.&lt;&gt;c__DisplayClass44.&lt;TestEvaluationDeltaAddEntrySoftDeleteUnspecified&gt;b__38(IEnumerable`1 results) in f:\src\Adiam_Cloud_Nightly_Tester\sources\test\Services\SyncFabric\Controller\UnitTests\TestRuleProcessor\ServiceNowOutboundDeltaSyncRuleUnitTest.cs:line 489   at Microsoft.ActiveDirectory.Connector.Test.RuleEvaluationTest.Execute(ISynchronizationRule rule, Guid tenantIdentifier, Boolean fullImport, String runProfileIdentifier) in f:\src\Adiam_Cloud_Nightly_Tester\sources\test\Services\SyncFabric\Controller\UnitTests\TestRuleProcessor\RuleEvaluationTest.cs:line 256   at Microsoft.ActiveDirectory.Connector.Test.ServiceNowOutboundDeltaSyncRuleUnitTest.TestEvaluationDeltaAddEntrySoftDeleteUnspecified() in f:\src\Adiam_Cloud_Nightly_Tester\sources\test\Services\SyncFabric\Controller\UnitTests\TestRuleProcessor\ServiceNowOutboundDeltaSyncRuleUnitTest.cs:line 562   at Microsoft.ActiveDirectory.Connector.Test.ServiceNowOutboundDeltaSyncRuleUnitTestReal.TestEvaluationDeltaAddEntrySoftDeleteUnspecified() in f:\src\Adiam_Cloud_Nightly_Tester\sources\test\Services\SyncFabric\Controller\UnitTests\TestRuleProcessorWithRealProxies\ServiceNowOutboundDeltaSyncRuleUnitTestReal.cs:line 69</StackTrace>        </ErrorInfo>      </Output>    </UnitTestResult>    <UnitTestResult executionId="17b20f1a-91e2-49bd-a0ba-b38a21834eeb" testId="ea91d8db-11d2-9582-9fdc-6a6ee6550842" testName="TestEvaluationDeltaAddUser" computerName="PRANAY-TEST" duration="00:00:27.5449477" startTime="2014-08-08T11:40:26.2188691-07:00" endTime="2014-08-08T11:40:53.7628691-07:00" testType="13cdc9d9-ddb5-4fa4-a97d-d965ccfc6d4b" outcome="Failed" testListId="8c84fa94-04c1-424b-9868-57a2d4851a1d" relativeResultsDirectory="17b20f1a-91e2-49bd-a0ba-b38a21834eeb">      <Output>        <ErrorInfo>          <Message>Assert.AreEqual failed. Expected:&lt;1&gt;. Actual:&lt;2&gt;. </Message>          <StackTrace>   at Microsoft.ActiveDirectory.Connector.Test.ServiceNowOutboundDeltaSyncRuleUnitTest.&lt;&gt;c__DisplayClass68.&lt;TestEvaluationDeltaAddUser&gt;b__5d(IEnumerable`1 results) in f:\src\Adiam_Cloud_Nightly_Tester\sources\test\Services\SyncFabric\Controller\UnitTests\TestRuleProcessor\ServiceNowOutboundDeltaSyncRuleUnitTest.cs:line 723   at Microsoft.ActiveDirectory.Connector.Test.RuleEvaluationTest.Execute(ISynchronizationRule rule, Guid tenantIdentifier, Boolean fullImport, String runProfileIdentifier) in f:\src\Adiam_Cloud_Nightly_Tester\sources\test\Services\SyncFabric\Controller\UnitTests\TestRuleProcessor\RuleEvaluationTest.cs:line 256   at Microsoft.ActiveDirectory.Connector.Test.ServiceNowOutboundDeltaSyncRuleUnitTest.TestEvaluationDeltaAddUser() in f:\src\Adiam_Cloud_Nightly_Tester\sources\test\Services\SyncFabric\Controller\UnitTests\TestRuleProcessor\ServiceNowOutboundDeltaSyncRuleUnitTest.cs:line 775   at Microsoft.ActiveDirectory.Connector.Test.ServiceNowOutboundDeltaSyncRuleUnitTestReal.TestEvaluationDeltaAddUser() in f:\src\Adiam_Cloud_Nightly_Tester\sources\test\Services\SyncFabric\Controller\UnitTests\TestRuleProcessorWithRealProxies\ServiceNowOutboundDeltaSyncRuleUnitTestReal.cs:line 89</StackTrace>        </ErrorInfo>      </Output>    </UnitTestResult>    <UnitTestResult executionId="854dca39-3b5e-4fd0-be8f-270c182b6479" testId="e219f0e1-9a95-7896-18d6-f90edf6632e1" testName="TestEvaluationDeltaUpdateEntry" computerName="PRANAY-TEST" duration="00:00:32.3100999" startTime="2014-08-08T11:40:53.7628691-07:00" endTime="2014-08-08T11:41:26.0708691-07:00" testType="13cdc9d9-ddb5-4fa4-a97d-d965ccfc6d4b" outcome="Failed" testListId="8c84fa94-04c1-424b-9868-57a2d4851a1d" relativeResultsDirectory="854dca39-3b5e-4fd0-be8f-270c182b6479">      <Output>        <ErrorInfo>          <Message>Assert.IsFalse failed. </Message>          <StackTrace>   at Microsoft.ActiveDirectory.Connector.Test.RuleEvaluationTest.Execute(ISynchronizationRule rule, Guid tenantIdentifier, Boolean fullImport, String runProfileIdentifier) in f:\src\Adiam_Cloud_Nightly_Tester\sources\test\Services\SyncFabric\Controller\UnitTests\TestRuleProcessor\RuleEvaluationTest.cs:line 251   at Microsoft.ActiveDirectory.Connector.Test.ServiceNowOutboundDeltaSyncRuleUnitTest.TestEvaluationDeltaUpdateEntry() in f:\src\Adiam_Cloud_Nightly_Tester\sources\test\Services\SyncFabric\Controller\UnitTests\TestRuleProcessor\ServiceNowOutboundDeltaSyncRuleUnitTest.cs:line 962   at Microsoft.ActiveDirectory.Connector.Test.ServiceNowOutboundDeltaSyncRuleUnitTestReal.TestEvaluationDeltaUpdateEntry() in f:\src\Adiam_Cloud_Nightly_Tester\sources\test\Services\SyncFabric\Controller\UnitTests\TestRuleProcessorWithRealProxies\ServiceNowOutboundDeltaSyncRuleUnitTestReal.cs:line 109</StackTrace>        </ErrorInfo>      </Output>    </UnitTestResult>    <UnitTestResult executionId="832bc607-f3c9-4ec2-937e-d6e712438791" testId="c216cd42-c5e4-89d7-4a6c-d6a49c527ebc" testName="TestEvaluationDeltaUpdateEntryNoUserName" computerName="PRANAY-TEST" duration="00:01:05.6285587" startTime="2014-08-08T11:41:26.0718691-07:00" endTime="2014-08-08T11:42:31.6968691-07:00" testType="13cdc9d9-ddb5-4fa4-a97d-d965ccfc6d4b" outcome="Passed" testListId="8c84fa94-04c1-424b-9868-57a2d4851a1d" relativeResultsDirectory="832bc607-f3c9-4ec2-937e-d6e712438791" />    <UnitTestResult executionId="e66b26b6-908f-4982-8897-ec6302915c78" testId="31c30cd7-4531-fb5a-d21e-42f4fef8a3f7" testName="TestEvaluationDeltaDeleteEntry" computerName="PRANAY-TEST" duration="00:00:20.5266861" startTime="2014-08-08T11:42:31.6968691-07:00" endTime="2014-08-08T11:42:52.2228691-07:00" testType="13cdc9d9-ddb5-4fa4-a97d-d965ccfc6d4b" outcome="Failed" testListId="8c84fa94-04c1-424b-9868-57a2d4851a1d" relativeResultsDirectory="e66b26b6-908f-4982-8897-ec6302915c78">      <Output>        <ErrorInfo>          <Message>Assert.AreEqual failed. Expected:&lt;GivenName'1FamilyName1@testing.com&gt;. Actual:&lt;GivenName'1FamilyName1@testing.com_Deleted_3f1b6178-f65f-472d-9cb2-dff3d8384c02&gt;. </Message>          <StackTrace>   at Microsoft.ActiveDirectory.Connector.Test.ServiceNowOutboundDeltaSyncRuleUnitTest.&lt;&gt;c__DisplayClassd3.&lt;TestEvaluationDeltaDeleteEntryReal&gt;b__c9(IEnumerable`1 results) in f:\src\Adiam_Cloud_Nightly_Tester\sources\test\Services\SyncFabric\Controller\UnitTests\TestRuleProcessor\ServiceNowOutboundDeltaSyncRuleUnitTest.cs:line 1360   at Microsoft.ActiveDirectory.Connector.Test.RuleEvaluationTest.Execute(ISynchronizationRule rule, Guid tenantIdentifier, Boolean fullImport, String runProfileIdentifier) in f:\src\Adiam_Cloud_Nightly_Tester\sources\test\Services\SyncFabric\Controller\UnitTests\TestRuleProcessor\RuleEvaluationTest.cs:line 256   at Microsoft.ActiveDirectory.Connector.Test.ServiceNowOutboundDeltaSyncRuleUnitTest.TestEvaluationDeltaDeleteEntryReal() in f:\src\Adiam_Cloud_Nightly_Tester\sources\test\Services\SyncFabric\Controller\UnitTests\TestRuleProcessor\ServiceNowOutboundDeltaSyncRuleUnitTest.cs:line 1390   at Microsoft.ActiveDirectory.Connector.Test.ServiceNowOutboundDeltaSyncRuleUnitTestReal.TestEvaluationDeltaDeleteEntry() in f:\src\Adiam_Cloud_Nightly_Tester\sources\test\Services\SyncFabric\Controller\UnitTests\TestRuleProcessorWithRealProxies\ServiceNowOutboundDeltaSyncRuleUnitTestReal.cs:line 151</StackTrace>        </ErrorInfo>      </Output>    </UnitTestResult>    <UnitTestResult executionId="042068a5-8852-4762-a2c8-caf20d6754c8" testId="c907f7ac-fb4b-f160-15cc-eaa66b9b984e" testName="TestEvaluationDeltaRuleAddEntriesFullImport" computerName="PRANAY-TEST" duration="00:02:11.2889084" startTime="2014-08-08T11:42:52.2228691-07:00" endTime="2014-08-08T11:45:03.5058691-07:00" testType="13cdc9d9-ddb5-4fa4-a97d-d965ccfc6d4b" outcome="Passed" testListId="8c84fa94-04c1-424b-9868-57a2d4851a1d" relativeResultsDirectory="042068a5-8852-4762-a2c8-caf20d6754c8" />    <UnitTestResult executionId="22caf04b-8a0d-4ba8-8036-9ba33c5fe21d" testId="02923289-b603-df04-2e31-dd3780c3e91b" testName="TestEvaluationDeltaRuleAddEntry" computerName="PRANAY-TEST" duration="00:01:06.4823922" startTime="2014-08-08T11:45:03.5058691-07:00" endTime="2014-08-08T11:46:09.9848691-07:00" testType="13cdc9d9-ddb5-4fa4-a97d-d965ccfc6d4b" outcome="Passed" testListId="8c84fa94-04c1-424b-9868-57a2d4851a1d" relativeResultsDirectory="22caf04b-8a0d-4ba8-8036-9ba33c5fe21d" />    <UnitTestResult executionId="fc80568e-24d2-4bfb-9d7c-67c8021beb33" testId="292dbb6e-fb23-aac3-e4f8-5b44ae6e6362" testName="TestEvaluationDeltaRuleUpdateEntry" computerName="PRANAY-TEST" duration="00:02:08.9647187" startTime="2014-08-08T11:46:09.9848691-07:00" endTime="2014-08-08T11:48:18.9428691-07:00" testType="13cdc9d9-ddb5-4fa4-a97d-d965ccfc6d4b" outcome="Passed" testListId="8c84fa94-04c1-424b-9868-57a2d4851a1d" relativeResultsDirectory="fc80568e-24d2-4bfb-9d7c-67c8021beb33" />    <UnitTestResult executionId="2ab0f9dc-2f15-4085-a289-99903cd213cc" testId="4dd4c439-4453-5158-d4fd-176a2bc1ff83" testName="TestEvaluationDeltaRuleUpdateEntrySuspendUser" computerName="PRANAY-TEST" duration="00:03:12.6350476" startTime="2014-08-08T11:48:18.9428691-07:00" endTime="2014-08-08T11:51:31.5678691-07:00" testType="13cdc9d9-ddb5-4fa4-a97d-d965ccfc6d4b" outcome="Passed" testListId="8c84fa94-04c1-424b-9868-57a2d4851a1d" relativeResultsDirectory="2ab0f9dc-2f15-4085-a289-99903cd213cc" />    <UnitTestResult executionId="c8dafa66-9b3f-4bb8-ba87-38bb3a2117d1" testId="27097705-5d32-a8b2-de56-c3f74c7a6f12" testName="TestEvaluationDeltaRuleUpdateEntryModifyJoiningProperty" computerName="PRANAY-TEST" duration="00:03:14.1335637" startTime="2014-08-08T11:51:31.5678691-07:00" endTime="2014-08-08T11:54:45.6908691-07:00" testType="13cdc9d9-ddb5-4fa4-a97d-d965ccfc6d4b" outcome="Passed" testListId="8c84fa94-04c1-424b-9868-57a2d4851a1d" relativeResultsDirectory="c8dafa66-9b3f-4bb8-ba87-38bb3a2117d1" />    <UnitTestResult executionId="035ca9b0-a493-4c56-a26a-00440b29d6aa" testId="695eddaf-1ea6-a810-71f8-7bf8f31ee3db" testName="TestEvaluationDeltaRuleDeleteEntry" computerName="PRANAY-TEST" duration="00:00:07.2537430" startTime="2014-08-08T11:54:45.6908691-07:00" endTime="2014-08-08T11:54:52.9448691-07:00" testType="13cdc9d9-ddb5-4fa4-a97d-d965ccfc6d4b" outcome="Passed" testListId="8c84fa94-04c1-424b-9868-57a2d4851a1d" relativeResultsDirectory="035ca9b0-a493-4c56-a26a-00440b29d6aa" />    <UnitTestResult executionId="e6953cb1-1b2c-4ae6-b604-8b77c567c47f" testId="93616a37-f469-4ec9-5252-7f1b57b3202e" testName="TestEvaluationAddUserEmptyFamilyAndGivenNameGoogleApps" computerName="PRANAY-TEST" duration="00:00:28.7716625" startTime="2014-08-08T11:54:52.9448691-07:00" endTime="2014-08-08T11:55:21.9728691-07:00" testType="13cdc9d9-ddb5-4fa4-a97d-d965ccfc6d4b" outcome="Passed" testListId="8c84fa94-04c1-424b-9868-57a2d4851a1d" relativeResultsDirectory="e6953cb1-1b2c-4ae6-b604-8b77c567c47f" />    <UnitTestResult executionId="313a3799-405f-43d1-be0c-699fea4a7c05" testId="8f767e44-4994-e58c-2f79-7d414fa9f3f3" testName="TestEvaluationAddUserMissingFamilyAndGivenNameGoogleApps" computerName="PRANAY-TEST" duration="00:00:07.4482789" startTime="2014-08-08T11:55:21.9728691-07:00" endTime="2014-08-08T11:55:29.6558691-07:00" testType="13cdc9d9-ddb5-4fa4-a97d-d965ccfc6d4b" outcome="Passed" testListId="8c84fa94-04c1-424b-9868-57a2d4851a1d" relativeResultsDirectory="313a3799-405f-43d1-be0c-699fea4a7c05" />    <UnitTestResult executionId="cba941aa-ae94-4951-901b-4a0aa67b132a" testId="95ed299e-020a-4d41-8b39-9b307b384307" testName="TestEvaluationAddEntriesFullImport" computerName="PRANAY-TEST" duration="00:00:09.8766991" startTime="2014-08-08T11:55:29.6558691-07:00" endTime="2014-08-08T11:55:39.5328691-07:00" testType="13cdc9d9-ddb5-4fa4-a97d-d965ccfc6d4b" outcome="Passed" testListId="8c84fa94-04c1-424b-9868-57a2d4851a1d" relativeResultsDirectory="cba941aa-ae94-4951-901b-4a0aa67b132a" />    <UnitTestResult executionId="b63d2056-a767-4322-9747-cbd62d5c1bcf" testId="1652264c-8ee9-4003-8734-6b5b3ecd2ded" testName="TestEvaluationAddEntry" computerName="PRANAY-TEST" duration="00:00:02.6484186" startTime="2014-08-08T11:55:39.5328691-07:00" endTime="2014-08-08T11:55:42.1808691-07:00" testType="13cdc9d9-ddb5-4fa4-a97d-d965ccfc6d4b" outcome="Passed" testListId="8c84fa94-04c1-424b-9868-57a2d4851a1d" relativeResultsDirectory="b63d2056-a767-4322-9747-cbd62d5c1bcf" />    <UnitTestResult executionId="fa6629fa-89be-409c-9f9f-e82085b7b85b" testId="b1afc68b-e911-99cd-1477-ff2c98c96be2" testName="TestEvaluationAddUpdateEntryWithLastNameEmpty" computerName="PRANAY-TEST" duration="00:00:03.6064295" startTime="2014-08-08T11:55:42.1808691-07:00" endTime="2014-08-08T11:55:45.7878691-07:00" testType="13cdc9d9-ddb5-4fa4-a97d-d965ccfc6d4b" outcome="Passed" testListId="8c84fa94-04c1-424b-9868-57a2d4851a1d" relativeResultsDirectory="fa6629fa-89be-409c-9f9f-e82085b7b85b" />    <UnitTestResult executionId="b02990fd-5326-4597-995e-9302f7dd3178" testId="cab39cf9-5984-b317-863b-1b65e8c30eb9" testName="TestEvaluationAddEntryForExistingSoftDeletedUser" computerName="PRANAY-TEST" duration="00:00:02.6935564" startTime="2014-08-08T11:55:45.7878691-07:00" endTime="2014-08-08T11:55:48.4818691-07:00" testType="13cdc9d9-ddb5-4fa4-a97d-d965ccfc6d4b" outcome="Passed" testListId="8c84fa94-04c1-424b-9868-57a2d4851a1d" relativeResultsDirectory="b02990fd-5326-4597-995e-9302f7dd3178" />    <UnitTestResult executionId="9adad31a-163e-4815-849b-c7c3b075638a" testId="18e3cf6c-9984-0c70-1787-e37621f81c99" testName="TestEvaluationAddUpdateEntryWithEntitlements" computerName="PRANAY-TEST" duration="00:00:06.5316497" startTime="2014-08-08T11:55:48.4818691-07:00" endTime="2014-08-08T11:55:55.0128691-07:00" testType="13cdc9d9-ddb5-4fa4-a97d-d965ccfc6d4b" outcome="Passed" testListId="8c84fa94-04c1-424b-9868-57a2d4851a1d" relativeResultsDirectory="9adad31a-163e-4815-849b-c7c3b075638a" />    <UnitTestResult executionId="e5aa3768-fb58-4878-bc5b-d60b1f627440" testId="de2995e4-e433-a29c-ba2f-f62f1d0f5dca" testName="TestEvaluationDeleteEntry" computerName="PRANAY-TEST" duration="00:00:03.1818358" startTime="2014-08-08T11:55:55.0128691-07:00" endTime="2014-08-08T11:55:58.1948691-07:00" testType="13cdc9d9-ddb5-4fa4-a97d-d965ccfc6d4b" outcome="Passed" testListId="8c84fa94-04c1-424b-9868-57a2d4851a1d" relativeResultsDirectory="e5aa3768-fb58-4878-bc5b-d60b1f627440" />    <UnitTestResult executionId="24ac4a74-4c82-424f-a25d-1770c47f6bfa" testId="a77f831c-92f8-b67c-4844-5d3be7056e01" testName="TestEvaluationUpdateEntry" computerName="PRANAY-TEST" duration="00:00:05.3711317" startTime="2014-08-08T11:55:58.1958691-07:00" endTime="2014-08-08T11:56:03.5668691-07:00" testType="13cdc9d9-ddb5-4fa4-a97d-d965ccfc6d4b" outcome="Passed" testListId="8c84fa94-04c1-424b-9868-57a2d4851a1d" relativeResultsDirectory="24ac4a74-4c82-424f-a25d-1770c47f6bfa" />    <UnitTestResult executionId="c7992898-d67f-4ac1-af83-036e6c5eba85" testId="9667aae0-3c98-e813-e369-893e11c50f02" testName="TestEvaluationDeltaUpdateEntryAddModifyRemoveSingleValued" computerName="PRANAY-TEST" duration="00:00:04.6025576" startTime="2014-08-08T11:56:03.5668691-07:00" endTime="2014-08-08T11:56:08.1698691-07:00" testType="13cdc9d9-ddb5-4fa4-a97d-d965ccfc6d4b" outcome="Passed" testListId="8c84fa94-04c1-424b-9868-57a2d4851a1d" relativeResultsDirectory="c7992898-d67f-4ac1-af83-036e6c5eba85" />    <UnitTestResult executionId="64d27304-94b8-47c7-8a4b-6f9b3195c704" testId="f8eead5b-18e9-701e-20a6-80578dc7ea1b" testName="TestEvaluationDeltaAddEntryAddModifyRemoveSingleValued" computerName="PRANAY-TEST" duration="00:00:03.0121950" startTime="2014-08-08T11:56:08.1698691-07:00" endTime="2014-08-08T11:56:11.1818691-07:00" testType="13cdc9d9-ddb5-4fa4-a97d-d965ccfc6d4b" outcome="Passed" testListId="8c84fa94-04c1-424b-9868-57a2d4851a1d" relativeResultsDirectory="64d27304-94b8-47c7-8a4b-6f9b3195c704" />    <UnitTestResult executionId="a91add3e-808e-429d-9982-adcbc080b29e" testId="aced851a-c8de-50fb-74d3-a9c231d575db" testName="TestEvaluationDeltaAddEntry" computerName="PRANAY-TEST" duration="00:00:02.9610112" startTime="2014-08-08T11:56:11.1818691-07:00" endTime="2014-08-08T11:56:14.1438691-07:00" testType="13cdc9d9-ddb5-4fa4-a97d-d965ccfc6d4b" outcome="Passed" testListId="8c84fa94-04c1-424b-9868-57a2d4851a1d" relativeResultsDirectory="a91add3e-808e-429d-9982-adcbc080b29e" />    <UnitTestResult executionId="04f5e93f-06a1-43a6-8280-1fa179ed5bda" testId="8eb73f68-35cc-16e8-a459-c8824d163c29" testName="TestEvaluationDeltaAddUpdateEntryWithEmptyLast" computerName="PRANAY-TEST" duration="00:00:05.8755281" startTime="2014-08-08T11:56:14.1438691-07:00" endTime="2014-08-08T11:56:20.0188691-07:00" testType="13cdc9d9-ddb5-4fa4-a97d-d965ccfc6d4b" outcome="Passed" testListId="8c84fa94-04c1-424b-9868-57a2d4851a1d" relativeResultsDirectory="04f5e93f-06a1-43a6-8280-1fa179ed5bda" />    <UnitTestResult executionId="19617558-2914-49d4-bdaf-d46df650446c" testId="7caafb94-3b81-c9c0-ebcf-430f354013ee" testName="TestEvaluationDeltaDeleteEntry" computerName="PRANAY-TEST" duration="00:00:04.4132706" startTime="2014-08-08T11:56:20.0188691-07:00" endTime="2014-08-08T11:56:24.4318691-07:00" testType="13cdc9d9-ddb5-4fa4-a97d-d965ccfc6d4b" outcome="Passed" testListId="8c84fa94-04c1-424b-9868-57a2d4851a1d" relativeResultsDirectory="19617558-2914-49d4-bdaf-d46df650446c" />    <UnitTestResult executionId="e425d944-dc58-433c-97a7-4de2c5bb3a64" testId="d16f8a8d-228b-cf4b-09b8-cbc732ae3091" testName="TestEvaluationDeltaAddEntrySoftDeleteReactivation" computerName="PRANAY-TEST" duration="00:00:04.5591287" startTime="2014-08-08T11:56:24.4328691-07:00" endTime="2014-08-08T11:56:28.9918691-07:00" testType="13cdc9d9-ddb5-4fa4-a97d-d965ccfc6d4b" outcome="Passed" testListId="8c84fa94-04c1-424b-9868-57a2d4851a1d" relativeResultsDirectory="e425d944-dc58-433c-97a7-4de2c5bb3a64" />    <UnitTestResult executionId="7527940f-4db1-4c8c-b3e5-fc0fd8afdc3d" testId="a28f9d51-ad52-6dbd-aefb-6e9cf4aa315b" testName="TestSendMessage" computerName="PRANAY-TEST" duration="00:00:01.5453172" startTime="2014-08-08T11:37:51.7348691-07:00" endTime="2014-08-08T11:37:53.5758691-07:00" testType="13cdc9d9-ddb5-4fa4-a97d-d965ccfc6d4b" outcome="Passed" testListId="8c84fa94-04c1-424b-9868-57a2d4851a1d" relativeResultsDirectory="7527940f-4db1-4c8c-b3e5-fc0fd8afdc3d">      <Output>        <StdOut>"To: someName@someDomain.com Body: e6846386-99a5-4005-9278-81b3dadc6f7e"Debug Trace:"To: someName@someDomain.com Body: e6846386-99a5-4005-9278-81b3dadc6f7e"</StdOut>      </Output>    </UnitTestResult>    <UnitTestResult executionId="75fd41dc-996c-4b46-80aa-6ec3dee0bd56" testId="5503110d-12a1-058a-c6af-253f7c815c7e" testName="TestDeleteLockedProfile" computerName="PRANAY-TEST" duration="00:00:13.1353496" startTime="2014-08-08T11:37:53.5998691-07:00" endTime="2014-08-08T11:38:06.7358691-07:00" testType="13cdc9d9-ddb5-4fa4-a97d-d965ccfc6d4b" outcome="Passed" testListId="8c84fa94-04c1-424b-9868-57a2d4851a1d" relativeResultsDirectory="75fd41dc-996c-4b46-80aa-6ec3dee0bd56" />    <UnitTestResult executionId="7aea7b7a-bb5a-4332-8484-e02847d7f59d" testId="1605dfa0-8640-12ea-c982-2875fad35cfb" testName="TestDeleteProfile" computerName="PRANAY-TEST" duration="00:00:00.3518727" startTime="2014-08-08T11:38:06.7358691-07:00" endTime="2014-08-08T11:38:07.0888691-07:00" testType="13cdc9d9-ddb5-4fa4-a97d-d965ccfc6d4b" outcome="Passed" testListId="8c84fa94-04c1-424b-9868-57a2d4851a1d" relativeResultsDirectory="7aea7b7a-bb5a-4332-8484-e02847d7f59d" />    <UnitTestResult executionId="45d877f3-5fc5-4d10-b817-d1dee989df32" testId="81a5e050-8363-6273-dc8c-c1ed9eb96adf" testName="TestGetProfile" computerName="PRANAY-TEST" duration="00:00:01.7211300" startTime="2014-08-08T11:38:07.0888691-07:00" endTime="2014-08-08T11:38:08.8098691-07:00" testType="13cdc9d9-ddb5-4fa4-a97d-d965ccfc6d4b" outcome="Passed" testListId="8c84fa94-04c1-424b-9868-57a2d4851a1d" relativeResultsDirectory="45d877f3-5fc5-4d10-b817-d1dee989df32" />    <UnitTestResult executionId="d8a33d5d-0853-4563-92aa-111beb31403d" testId="0c5cf71a-16e1-849b-473a-b22c997c4529" testName="TestGetTenantInformation" computerName="PRANAY-TEST" duration="00:00:00.2709582" startTime="2014-08-08T11:38:08.8098691-07:00" endTime="2014-08-08T11:38:09.0818691-07:00" testType="13cdc9d9-ddb5-4fa4-a97d-d965ccfc6d4b" outcome="Passed" testListId="8c84fa94-04c1-424b-9868-57a2d4851a1d" relativeResultsDirectory="d8a33d5d-0853-4563-92aa-111beb31403d" />    <UnitTestResult executionId="cd452e4e-777c-4d57-ba0f-3875ae596625" testId="74062545-51a6-8363-ce39-23d047f55b76" testName="TestLockProfile" computerName="PRANAY-TEST" duration="00:00:01.8458186" startTime="2014-08-08T11:38:09.0818691-07:00" endTime="2014-08-08T11:38:10.9278691-07:00" testType="13cdc9d9-ddb5-4fa4-a97d-d965ccfc6d4b" outcome="Passed" testListId="8c84fa94-04c1-424b-9868-57a2d4851a1d" relativeResultsDirectory="cd452e4e-777c-4d57-ba0f-3875ae596625" />    <UnitTestResult executionId="0855456f-c9f1-4ee2-ba06-7432b28f9095" testId="5c271379-e927-0652-646f-186eed4d3186" testName="TestLockTenant" computerName="PRANAY-TEST" duration="00:00:00.7461684" startTime="2014-08-08T11:38:10.9288691-07:00" endTime="2014-08-08T11:38:11.6748691-07:00" testType="13cdc9d9-ddb5-4fa4-a97d-d965ccfc6d4b" outcome="Passed" testListId="8c84fa94-04c1-424b-9868-57a2d4851a1d" relativeResultsDirectory="0855456f-c9f1-4ee2-ba06-7432b28f9095" />    <UnitTestResult executionId="77c1523e-ecdd-4c69-a123-c5e451c7930e" testId="36f71f40-452a-dfc2-0fdf-20ec4da4207c" testName="TestUnlockProfile" computerName="PRANAY-TEST" duration="00:00:03.2377361" startTime="2014-08-08T11:38:11.6758691-07:00" endTime="2014-08-08T11:38:15.0878691-07:00" testType="13cdc9d9-ddb5-4fa4-a97d-d965ccfc6d4b" outcome="Passed" testListId="8c84fa94-04c1-424b-9868-57a2d4851a1d" relativeResultsDirectory="77c1523e-ecdd-4c69-a123-c5e451c7930e" />    <UnitTestResult executionId="e46d7bda-b1e8-438b-a28a-93f117ba58ce" testId="2cfc7ce1-ca4b-c48e-dce5-222b9dcb43f6" testName="TestUpdateProfile" computerName="PRANAY-TEST" duration="00:00:04.1468832" startTime="2014-08-08T11:38:15.0888691-07:00" endTime="2014-08-08T11:38:19.2358691-07:00" testType="13cdc9d9-ddb5-4fa4-a97d-d965ccfc6d4b" outcome="Passed" testListId="8c84fa94-04c1-424b-9868-57a2d4851a1d" relativeResultsDirectory="e46d7bda-b1e8-438b-a28a-93f117ba58ce" />    <UnitTestResult executionId="421f7bc3-2948-4cb9-9f5e-1fa7e2bd134f" testId="05e68277-ee1c-c451-1dce-47c30fcca06e" testName="TestUpdateTenant" computerName="PRANAY-TEST" duration="00:00:00.6902380" startTime="2014-08-08T11:38:19.2368691-07:00" endTime="2014-08-08T11:38:19.9278691-07:00" testType="13cdc9d9-ddb5-4fa4-a97d-d965ccfc6d4b" outcome="Passed" testListId="8c84fa94-04c1-424b-9868-57a2d4851a1d" relativeResultsDirectory="421f7bc3-2948-4cb9-9f5e-1fa7e2bd134f" />    <UnitTestResult executionId="556a9729-a7df-4ed7-90a5-15c7a2d63b01" testId="7bf253a5-4dc6-2ca4-5780-4151dc256608" testName="TestUpdateWithInboundProfile" computerName="PRANAY-TEST" duration="00:00:05.3452991" startTime="2014-08-08T11:38:19.9278691-07:00" endTime="2014-08-08T11:38:25.2738691-07:00" testType="13cdc9d9-ddb5-4fa4-a97d-d965ccfc6d4b" outcome="Passed" testListId="8c84fa94-04c1-424b-9868-57a2d4851a1d" relativeResultsDirectory="556a9729-a7df-4ed7-90a5-15c7a2d63b01">      <Output>        <StdOut>"To: craigmcm@microsoft.com Body: &lt;?xml version="1.0" encoding="utf-16"?&gt;&lt;Fault xmlns="http://schemas.microsoft.com/ws/2005/05/envelope/none"&gt;&lt;Code&gt;&lt;Value xmlns:a="http://schemas.microsoft.com/2006/11/IdentityManagement/DirectoryAccess/fault"&gt;a:UnwillingToPerform&lt;/Value&gt;&lt;/Code&gt;&lt;Reason&gt;&lt;Text xml:lang=""&gt;An error occurred executing the run profile with this identifier: QBOInMock.52e5937e28b549db8eec4e0de038d8f6  Time: 08/08/2014 11:38:24  Thread: 7&lt;/Text&gt;&lt;/Reason&gt;&lt;Detail&gt;&lt;FaultDetail xmlns:i="http://www.w3.org/2001/XMLSchema-instance" xmlns="http://schemas.datacontract.org/2004/07/Microsoft.ActiveDirectory.Connector"&gt;&lt;ErrorCode&gt;UnSpecified&lt;/ErrorCode&gt;&lt;ErrorSource&gt;None&lt;/ErrorSource&gt;&lt;Exception i:nil="true" /&gt;&lt;ExceptionMessage&gt;&lt;/ExceptionMessage&gt;&lt;Scope&gt;None&lt;/Scope&gt;&lt;TenantActionable&gt;false&lt;/TenantActionable&gt;&lt;Transient&gt;false&lt;/Transient&gt;&lt;/FaultDetail&gt;&lt;/Detail&gt;&lt;/Fault&gt;""To: craigmcm@microsoft.com Body: &lt;?xml version="1.0" encoding="utf-16"?&gt;&lt;Fault xmlns="http://schemas.microsoft.com/ws/2005/05/envelope/none"&gt;&lt;Code&gt;&lt;Value xmlns:a="http://schemas.microsoft.com/2006/11/IdentityManagement/DirectoryAccess/fault"&gt;a:UnwillingToPerform&lt;/Value&gt;&lt;/Code&gt;&lt;Reason&gt;&lt;Text xml:lang=""&gt;An error occurred executing the run profile with this identifier: QBOInMock.52e5937e28b549db8eec4e0de038d8f6  Time: 08/08/2014 11:38:24  Thread: 7&lt;/Text&gt;&lt;/Reason&gt;&lt;Detail&gt;&lt;FaultDetail xmlns:i="http://www.w3.org/2001/XMLSchema-instance" xmlns="http://schemas.datacontract.org/2004/07/Microsoft.ActiveDirectory.Connector"&gt;&lt;ErrorCode&gt;UnSpecified&lt;/ErrorCode&gt;&lt;ErrorSource&gt;None&lt;/ErrorSource&gt;&lt;Exception i:nil="true" /&gt;&lt;ExceptionMessage&gt;&lt;/ExceptionMessage&gt;&lt;Scope&gt;None&lt;/Scope&gt;&lt;TenantActionable&gt;false&lt;/TenantActionable&gt;&lt;Transient&gt;false&lt;/Transient&gt;&lt;/FaultDetail&gt;&lt;/Detail&gt;&lt;/Fault&gt;"Debug Trace:"To: craigmcm@microsoft.com Body: &lt;?xml version="1.0" encoding="utf-16"?&gt;&lt;Fault xmlns="http://schemas.microsoft.com/ws/2005/05/envelope/none"&gt;&lt;Code&gt;&lt;Value xmlns:a="http://schemas.microsoft.com/2006/11/IdentityManagement/DirectoryAccess/fault"&gt;a:UnwillingToPerform&lt;/Value&gt;&lt;/Code&gt;&lt;Reason&gt;&lt;Text xml:lang=""&gt;An error occurred executing the run profile with this identifier: QBOInMock.52e5937e28b549db8eec4e0de038d8f6  Time: 08/08/2014 11:38:24  Thread: 7&lt;/Text&gt;&lt;/Reason&gt;&lt;Detail&gt;&lt;FaultDetail xmlns:i="http://www.w3.org/2001/XMLSchema-instance" xmlns="http://schemas.datacontract.org/2004/07/Microsoft.ActiveDirectory.Connector"&gt;&lt;ErrorCode&gt;UnSpecified&lt;/ErrorCode&gt;&lt;ErrorSource&gt;None&lt;/ErrorSource&gt;&lt;Exception i:nil="true" /&gt;&lt;ExceptionMessage&gt;&lt;/ExceptionMessage&gt;&lt;Scope&gt;None&lt;/Scope&gt;&lt;TenantActionable&gt;false&lt;/TenantActionable&gt;&lt;Transient&gt;false&lt;/Transient&gt;&lt;/FaultDetail&gt;&lt;/Detail&gt;&lt;/Fault&gt;""To: craigmcm@microsoft.com Body: &lt;?xml version="1.0" encoding="utf-16"?&gt;&lt;Fault xmlns="http://schemas.microsoft.com/ws/2005/05/envelope/none"&gt;&lt;Code&gt;&lt;Value xmlns:a="http://schemas.microsoft.com/2006/11/IdentityManagement/DirectoryAccess/fault"&gt;a:UnwillingToPerform&lt;/Value&gt;&lt;/Code&gt;&lt;Reason&gt;&lt;Text xml:lang=""&gt;An error occurred executing the run profile with this identifier: QBOInMock.52e5937e28b549db8eec4e0de038d8f6  Time: 08/08/2014 11:38:24  Thread: 7&lt;/Text&gt;&lt;/Reason&gt;&lt;Detail&gt;&lt;FaultDetail xmlns:i="http://www.w3.org/2001/XMLSchema-instance" xmlns="http://schemas.datacontract.org/2004/07/Microsoft.ActiveDirectory.Connector"&gt;&lt;ErrorCode&gt;UnSpecified&lt;/ErrorCode&gt;&lt;ErrorSource&gt;None&lt;/ErrorSource&gt;&lt;Exception i:nil="true" /&gt;&lt;ExceptionMessage&gt;&lt;/ExceptionMessage&gt;&lt;Scope&gt;None&lt;/Scope&gt;&lt;TenantActionable&gt;false&lt;/TenantActionable&gt;&lt;Transient&gt;false&lt;/Transient&gt;&lt;/FaultDetail&gt;&lt;/Detail&gt;&lt;/Fault&gt;"</StdOut>      </Output>    </UnitTestResult>    <UnitTestResult executionId="38158846-f0e1-4caa-a66d-7c991bf859d3" testId="f83dd1e5-c982-3e03-7bb7-a885fbdc71dc" testName="TestUpdateWithObsoleteProfile" computerName="PRANAY-TEST" duration="00:00:01.1867767" startTime="2014-08-08T11:38:25.2748691-07:00" endTime="2014-08-08T11:38:26.4618691-07:00" testType="13cdc9d9-ddb5-4fa4-a97d-d965ccfc6d4b" outcome="Passed" testListId="8c84fa94-04c1-424b-9868-57a2d4851a1d" relativeResultsDirectory="38158846-f0e1-4caa-a66d-7c991bf859d3" />    <UnitTestResult executionId="bcc557c3-4dad-4efa-9dff-3f71a99fb2ed" testId="2bde9850-fde2-4637-0e0a-947e09897723" testName="TestUpdateWithOutboundProfile" computerName="PRANAY-TEST" duration="00:00:01.5200006" startTime="2014-08-08T11:38:26.4618691-07:00" endTime="2014-08-08T11:38:27.9818691-07:00" testType="13cdc9d9-ddb5-4fa4-a97d-d965ccfc6d4b" outcome="Passed" testListId="8c84fa94-04c1-424b-9868-57a2d4851a1d" relativeResultsDirectory="bcc557c3-4dad-4efa-9dff-3f71a99fb2ed" />    <UnitTestResult executionId="6610fc4a-0793-4761-9a7c-f640a163f125" testId="31a973ea-dffe-fa0f-f696-e70f8fe5ba6e" testName="TestUpdateWithSingleExecutionProfile" computerName="PRANAY-TEST" duration="00:00:01.5072789" startTime="2014-08-08T11:38:27.9818691-07:00" endTime="2014-08-08T11:38:29.4898691-07:00" testType="13cdc9d9-ddb5-4fa4-a97d-d965ccfc6d4b" outcome="Passed" testListId="8c84fa94-04c1-424b-9868-57a2d4851a1d" relativeResultsDirectory="6610fc4a-0793-4761-9a7c-f640a163f125" />    <UnitTestResult executionId="2c01d5e8-fafa-4093-be88-241deee10e72" testId="f9f5e9cf-77a3-044e-f334-7f46f1a2b1b7" testName="TestDeserialize" computerName="PRANAY-TEST" duration="00:00:14.3823224" startTime="2014-08-08T11:37:42.0328691-07:00" endTime="2014-08-08T11:37:56.7328691-07:00" testType="13cdc9d9-ddb5-4fa4-a97d-d965ccfc6d4b" outcome="Passed" testListId="8c84fa94-04c1-424b-9868-57a2d4851a1d" relativeResultsDirectory="2c01d5e8-fafa-4093-be88-241deee10e72" />    <UnitTestResult executionId="40832ab4-51f8-4bfe-afcb-704b7ce6f30a" testId="28d5d07c-01de-0904-82c1-ac180a5203c2" testName="TestSerialize" computerName="PRANAY-TEST" duration="00:00:01.0129318" startTime="2014-08-08T11:37:56.7928691-07:00" endTime="2014-08-08T11:37:57.8058691-07:00" testType="13cdc9d9-ddb5-4fa4-a97d-d965ccfc6d4b" outcome="Passed" testListId="8c84fa94-04c1-424b-9868-57a2d4851a1d" relativeResultsDirectory="40832ab4-51f8-4bfe-afcb-704b7ce6f30a" />    <UnitTestResult executionId="689a552a-e07f-4b8c-a461-60610bd80617" testId="8f2791d3-9770-6d20-251f-4fac2d4c521e" testName="TestExecutePreviewRunProfile" computerName="PRANAY-TEST" duration="00:01:31.5685159" startTime="2014-08-08T11:37:57.8068691-07:00" endTime="2014-08-08T11:39:29.4128691-07:00" testType="13cdc9d9-ddb5-4fa4-a97d-d965ccfc6d4b" outcome="Passed" testListId="8c84fa94-04c1-424b-9868-57a2d4851a1d" relativeResultsDirectory="689a552a-e07f-4b8c-a461-60610bd80617" />    <UnitTestResult executionId="3bd53fde-363e-41dc-ace0-105b929b366b" testId="5599880a-251c-6214-45e4-911a1bb9646c" testName="TestExecutePreviewRunProfileForSchemaWithWithNullSourceNames" computerName="PRANAY-TEST" duration="00:00:32.9848558" startTime="2014-08-08T11:39:29.4138691-07:00" endTime="2014-08-08T11:40:02.3968691-07:00" testType="13cdc9d9-ddb5-4fa4-a97d-d965ccfc6d4b" outcome="Passed" testListId="8c84fa94-04c1-424b-9868-57a2d4851a1d" relativeResultsDirectory="3bd53fde-363e-41dc-ace0-105b929b366b" />    <UnitTestResult executionId="e5793072-f86f-4362-8d6f-0a1c01b90a4a" testId="853abd7b-ee31-d683-d6d2-37099e454b94" testName="TestExecuteInvalidPreviewRunProfile" computerName="PRANAY-TEST" duration="00:00:00.4146595" startTime="2014-08-08T11:40:02.3968691-07:00" endTime="2014-08-08T11:40:02.8118691-07:00" testType="13cdc9d9-ddb5-4fa4-a97d-d965ccfc6d4b" outcome="Passed" testListId="8c84fa94-04c1-424b-9868-57a2d4851a1d" relativeResultsDirectory="e5793072-f86f-4362-8d6f-0a1c01b90a4a" />    <UnitTestResult executionId="0fa45708-f6d5-438c-91e2-6739386a3c11" testId="fc18ea1e-6b3e-4f7c-b0d3-d9e6efabdeac" testName="TestEntryMappingFunctionDateFormatHyphenatedYearMonthDayFormat" computerName="PRANAY-TEST" duration="00:00:00.0025110" startTime="2014-08-08T11:40:02.8118691-07:00" endTime="2014-08-08T11:40:02.8158691-07:00" testType="13cdc9d9-ddb5-4fa4-a97d-d965ccfc6d4b" outcome="Passed" testListId="8c84fa94-04c1-424b-9868-57a2d4851a1d" relativeResultsDirectory="0fa45708-f6d5-438c-91e2-6739386a3c11" />    <UnitTestResult executionId="982c0b8b-e8c6-4445-ac47-18e7c2becc72" testId="a9c12a84-ba82-52df-8378-c9af1dfb8403" testName="TestEntryMappingFunctionDateFormatInvalidFormat" computerName="PRANAY-TEST" duration="00:00:00.0014816" startTime="2014-08-08T11:40:02.8158691-07:00" endTime="2014-08-08T11:40:02.8178691-07:00" testType="13cdc9d9-ddb5-4fa4-a97d-d965ccfc6d4b" outcome="Passed" testListId="8c84fa94-04c1-424b-9868-57a2d4851a1d" relativeResultsDirectory="982c0b8b-e8c6-4445-ac47-18e7c2becc72" />    <UnitTestResult executionId="9b78b86d-251e-43f9-af17-ef163a3a528d" testId="17e1148f-9cb9-30f1-449a-ba3931933ae7" testName="TestEntryMappingFunctionReplaceWithBackupRegularExpression" computerName="PRANAY-TEST" duration="00:00:00.0048793" startTime="2014-08-08T11:40:02.8178691-07:00" endTime="2014-08-08T11:40:02.8228691-07:00" testType="13cdc9d9-ddb5-4fa4-a97d-d965ccfc6d4b" outcome="Passed" testListId="8c84fa94-04c1-424b-9868-57a2d4851a1d" relativeResultsDirectory="9b78b86d-251e-43f9-af17-ef163a3a528d" />    <UnitTestResult executionId="496b672e-331d-44f1-8049-6cb5602aee8a" testId="7941fc65-96b0-9d89-61ac-0cfdfa8afe41" testName="TestEntryMappingFunctionReplace" computerName="PRANAY-TEST" duration="00:00:00.0008800" startTime="2014-08-08T11:40:02.8228691-07:00" endTime="2014-08-08T11:40:02.8238691-07:00" testType="13cdc9d9-ddb5-4fa4-a97d-d965ccfc6d4b" outcome="Passed" testListId="8c84fa94-04c1-424b-9868-57a2d4851a1d" relativeResultsDirectory="496b672e-331d-44f1-8049-6cb5602aee8a" />    <UnitTestResult executionId="27d377d7-dfcc-4b23-95c3-0a5bb515c324" testId="46e210ff-108a-db8a-d82a-217f1bea6d01" testName="TestEntryMappingFunctionReplaceCostcoEmailMapping" computerName="PRANAY-TEST" duration="00:00:00.0016938" startTime="2014-08-08T11:40:02.8238691-07:00" endTime="2014-08-08T11:40:02.8258691-07:00" testType="13cdc9d9-ddb5-4fa4-a97d-d965ccfc6d4b" outcome="Passed" testListId="8c84fa94-04c1-424b-9868-57a2d4851a1d" relativeResultsDirectory="27d377d7-dfcc-4b23-95c3-0a5bb515c324" />    <UnitTestResult executionId="93f3c9f3-49c3-4eb5-994b-564617976c13" testId="523b454a-6300-effd-fea9-5c4fc00a2f50" testName="TestEqualityComparison" computerName="PRANAY-TEST" duration="00:00:00.0043881" startTime="2014-08-08T11:40:02.8258691-07:00" endTime="2014-08-08T11:40:02.8308691-07:00" testType="13cdc9d9-ddb5-4fa4-a97d-d965ccfc6d4b" outcome="Passed" testListId="8c84fa94-04c1-424b-9868-57a2d4851a1d" relativeResultsDirectory="93f3c9f3-49c3-4eb5-994b-564617976c13" />    <UnitTestResult executionId="f5303b7c-4e87-41b1-bb37-98b018f2579d" testId="bb158ed2-d162-4013-4727-09aaf50c6872" testName="TestEqualityComparisonByDirectoryIdentifier" computerName="PRANAY-TEST" duration="00:00:00.0041148" startTime="2014-08-08T11:40:02.8308691-07:00" endTime="2014-08-08T11:40:02.8358691-07:00" testType="13cdc9d9-ddb5-4fa4-a97d-d965ccfc6d4b" outcome="Passed" testListId="8c84fa94-04c1-424b-9868-57a2d4851a1d" relativeResultsDirectory="f5303b7c-4e87-41b1-bb37-98b018f2579d" />    <UnitTestResult executionId="0f1f36fa-2bb2-4595-954e-2b1a774afe7b" testId="1aa68fa2-c2a1-63dc-75bb-32ae90005e07" testName="TestComplexValue" computerName="PRANAY-TEST" duration="00:00:00.0139843" startTime="2014-08-08T11:40:02.8358691-07:00" endTime="2014-08-08T11:40:02.8508691-07:00" testType="13cdc9d9-ddb5-4fa4-a97d-d965ccfc6d4b" outcome="Passed" testListId="8c84fa94-04c1-424b-9868-57a2d4851a1d" relativeResultsDirectory="0f1f36fa-2bb2-4595-954e-2b1a774afe7b" />    <UnitTestResult executionId="1bda5247-e8dd-461b-a51c-84ac6f5e5e67" testId="a8b1c482-9544-1ec7-b283-a3c167a9f977" testName="TestAliasedRunProfileFactories" computerName="PRANAY-TEST" duration="00:00:46.3227357" startTime="2014-08-08T11:40:02.8508691-07:00" endTime="2014-08-08T11:40:49.1718691-07:00" testType="13cdc9d9-ddb5-4fa4-a97d-d965ccfc6d4b" outcome="Passed" testListId="8c84fa94-04c1-424b-9868-57a2d4851a1d" relativeResultsDirectory="1bda5247-e8dd-461b-a51c-84ac6f5e5e67" />    <UnitTestResult executionId="4cda4778-833f-436e-a020-e18dfbdffff1" testId="5e6ab9be-2026-1b39-d160-f37bce9b58ba" testName="TestCreateRunProfile" computerName="PRANAY-TEST" duration="00:00:00.2638562" startTime="2014-08-08T11:40:49.1718691-07:00" endTime="2014-08-08T11:40:49.4358691-07:00" testType="13cdc9d9-ddb5-4fa4-a97d-d965ccfc6d4b" outcome="Passed" testListId="8c84fa94-04c1-424b-9868-57a2d4851a1d" relativeResultsDirectory="4cda4778-833f-436e-a020-e18dfbdffff1" />    <UnitTestResult executionId="cdcfe1cf-1cfd-4d57-8049-8086c61283d5" testId="de825c03-6f03-5d15-170c-3df85d0a6a26" testName="TestCreateRunProfileWithCustomSchema" computerName="PRANAY-TEST" duration="00:00:00.2214982" startTime="2014-08-08T11:40:49.4358691-07:00" endTime="2014-08-08T11:40:49.6578691-07:00" testType="13cdc9d9-ddb5-4fa4-a97d-d965ccfc6d4b" outcome="Passed" testListId="8c84fa94-04c1-424b-9868-57a2d4851a1d" relativeResultsDirectory="cdcfe1cf-1cfd-4d57-8049-8086c61283d5" />    <UnitTestResult executionId="120f5573-5533-4a9c-8f9e-b61c07b1ce77" testId="1ba69f03-4c54-adb7-d4d5-95c7280e48fb" testName="TestCreateRunProfileWithCustomSchemaForMultiInstance" computerName="PRANAY-TEST" duration="00:00:00.1514715" startTime="2014-08-08T11:40:49.6578691-07:00" endTime="2014-08-08T11:40:49.8098691-07:00" testType="13cdc9d9-ddb5-4fa4-a97d-d965ccfc6d4b" outcome="Passed" testListId="8c84fa94-04c1-424b-9868-57a2d4851a1d" relativeResultsDirectory="120f5573-5533-4a9c-8f9e-b61c07b1ce77" />    <UnitTestResult executionId="f348e7c0-1681-40d9-af80-9b7ba7bfa66e" testId="dce90559-5c26-13ca-7e93-da2caaab92ee" testName="TestCreateAndExecuteNoOpRunProfile" computerName="PRANAY-TEST" duration="00:00:00.0067432" startTime="2014-08-08T11:40:49.8098691-07:00" endTime="2014-08-08T11:40:49.8168691-07:00" testType="13cdc9d9-ddb5-4fa4-a97d-d965ccfc6d4b" outcome="Passed" testListId="8c84fa94-04c1-424b-9868-57a2d4851a1d" relativeResultsDirectory="f348e7c0-1681-40d9-af80-9b7ba7bfa66e" />    <UnitTestResult executionId="19b60c0c-54d1-4f24-9528-8b14259a6cf3" testId="ada4a13e-50a6-96b8-c7f0-ae6a94d7fe4e" testName="TestCreateAndExecuteNoOpRunProfileSpecificInstance" computerName="PRANAY-TEST" duration="00:00:00.0046833" startTime="2014-08-08T11:40:49.8168691-07:00" endTime="2014-08-08T11:40:49.8218691-07:00" testType="13cdc9d9-ddb5-4fa4-a97d-d965ccfc6d4b" outcome="Passed" testListId="8c84fa94-04c1-424b-9868-57a2d4851a1d" relativeResultsDirectory="19b60c0c-54d1-4f24-9528-8b14259a6cf3" />    <UnitTestResult executionId="88738828-d4e2-48d0-894b-9393a66dcb55" testId="05eebf05-11c8-1deb-04c7-76a3bcc362f3" testName="TestUpgradeRunProfileScenarioSyncRuleChanges" computerName="PRANAY-TEST" duration="00:00:00.5854963" startTime="2014-08-08T11:40:49.8218691-07:00" endTime="2014-08-08T11:40:50.4078691-07:00" testType="13cdc9d9-ddb5-4fa4-a97d-d965ccfc6d4b" outcome="Passed" testListId="8c84fa94-04c1-424b-9868-57a2d4851a1d" relativeResultsDirectory="88738828-d4e2-48d0-894b-9393a66dcb55" />    <UnitTestResult executionId="c8ea1927-2b80-4b21-afd1-8f59c38c065e" testId="94f0b2a7-1d61-9f85-d48b-8e6b8c878b28" testName="TestPreviewRunProfileInitialization" computerName="PRANAY-TEST" duration="00:00:00.0094645" startTime="2014-08-08T11:40:50.4078691-07:00" endTime="2014-08-08T11:40:50.4178691-07:00" testType="13cdc9d9-ddb5-4fa4-a97d-d965ccfc6d4b" outcome="Passed" testListId="8c84fa94-04c1-424b-9868-57a2d4851a1d" relativeResultsDirectory="c8ea1927-2b80-4b21-afd1-8f59c38c065e" />    <UnitTestResult executionId="a3623583-7ee2-435f-a3c9-c61c1e2ab5e7" testId="e9bb32c6-9418-3162-3f7c-b054d003e0ec" testName="TestConnectorDataStorePrefixForExistingRunProfile" computerName="PRANAY-TEST" duration="00:00:00.5534248" startTime="2014-08-08T11:40:50.4178691-07:00" endTime="2014-08-08T11:40:50.9718691-07:00" testType="13cdc9d9-ddb5-4fa4-a97d-d965ccfc6d4b" outcome="Passed" testListId="8c84fa94-04c1-424b-9868-57a2d4851a1d" relativeResultsDirectory="a3623583-7ee2-435f-a3c9-c61c1e2ab5e7" />    <UnitTestResult executionId="e9ace4e2-53cb-4997-b0de-42ca77104b4e" testId="b6f84d84-1b99-8981-a141-9a6a943e0e61" testName="TestUpgradeRunProfileScenarioSyncRuleChangesFromRunProfileXml" computerName="PRANAY-TEST" duration="00:00:00.9345404" startTime="2014-08-08T11:40:50.9718691-07:00" endTime="2014-08-08T11:40:51.9068691-07:00" testType="13cdc9d9-ddb5-4fa4-a97d-d965ccfc6d4b" outcome="Passed" testListId="8c84fa94-04c1-424b-9868-57a2d4851a1d" relativeResultsDirectory="e9ace4e2-53cb-4997-b0de-42ca77104b4e" />    <UnitTestResult executionId="f540ea12-6019-4867-b814-5febfcce1661" testId="76474685-2af2-33ba-2c90-02e19c5d0a1f" testName="TestAddModificationAddEntry" computerName="PRANAY-TEST" duration="00:00:00.0465682" startTime="2014-08-08T11:40:51.9068691-07:00" endTime="2014-08-08T11:40:51.9538691-07:00" testType="13cdc9d9-ddb5-4fa4-a97d-d965ccfc6d4b" outcome="Passed" testListId="8c84fa94-04c1-424b-9868-57a2d4851a1d" relativeResultsDirectory="f540ea12-6019-4867-b814-5febfcce1661" />    <UnitTestResult executionId="405080ec-36b6-4172-bda7-68ea584d8945" testId="78dcb742-f031-1d5b-b982-87aa6e1e6446" testName="TestAddModificationDeleteEntry" computerName="PRANAY-TEST" duration="00:00:00.0664181" startTime="2014-08-08T11:40:51.9538691-07:00" endTime="2014-08-08T11:40:52.0208691-07:00" testType="13cdc9d9-ddb5-4fa4-a97d-d965ccfc6d4b" outcome="Passed" testListId="8c84fa94-04c1-424b-9868-57a2d4851a1d" relativeResultsDirectory="405080ec-36b6-4172-bda7-68ea584d8945" />    <UnitTestResult executionId="98eeb9d7-7525-4f08-9a05-951a31953d07" testId="ffecb73a-db60-90a7-f0c2-d60f5b178046" testName="TestAddModificationUpdateEntryAddProperty" computerName="PRANAY-TEST" duration="00:00:00.0635517" startTime="2014-08-08T11:40:52.0208691-07:00" endTime="2014-08-08T11:40:52.0848691-07:00" testType="13cdc9d9-ddb5-4fa4-a97d-d965ccfc6d4b" outcome="Passed" testListId="8c84fa94-04c1-424b-9868-57a2d4851a1d" relativeResultsDirectory="98eeb9d7-7525-4f08-9a05-951a31953d07" />    <UnitTestResult executionId="0a7f4c44-d9a9-4f6f-a3b5-931b5a8c8777" testId="3e8b8c1d-ced9-6c82-77fa-ed9b1560e71c" testName="TestAddModificationUpdateEntryRemoveProperty" computerName="PRANAY-TEST" duration="00:00:00.0824900" startTime="2014-08-08T11:40:52.0848691-07:00" endTime="2014-08-08T11:40:52.1678691-07:00" testType="13cdc9d9-ddb5-4fa4-a97d-d965ccfc6d4b" outcome="Passed" testListId="8c84fa94-04c1-424b-9868-57a2d4851a1d" relativeResultsDirectory="0a7f4c44-d9a9-4f6f-a3b5-931b5a8c8777" />    <UnitTestResult executionId="ce2d36e0-7f2d-46d8-9e31-adb0430ba367" testId="06f11a04-819d-d6c3-8bf7-32401b1b9605" testName="TestAddModificationUpdateEntryReplaceProperty" computerName="PRANAY-TEST" duration="00:00:00.0885650" startTime="2014-08-08T11:40:52.1678691-07:00" endTime="2014-08-08T11:40:52.2568691-07:00" testType="13cdc9d9-ddb5-4fa4-a97d-d965ccfc6d4b" outcome="Passed" testListId="8c84fa94-04c1-424b-9868-57a2d4851a1d" relativeResultsDirectory="ce2d36e0-7f2d-46d8-9e31-adb0430ba367" />    <UnitTestResult executionId="a0b72ae2-12c6-4316-b61f-79294831c085" testId="a45c2967-286b-7c37-f401-359209262feb" testName="TestAddModificationUpdateEntryModifyPropertyAddValue" computerName="PRANAY-TEST" duration="00:00:00.0809625" startTime="2014-08-08T11:40:52.2568691-07:00" endTime="2014-08-08T11:40:52.3378691-07:00" testType="13cdc9d9-ddb5-4fa4-a97d-d965ccfc6d4b" outcome="Passed" testListId="8c84fa94-04c1-424b-9868-57a2d4851a1d" relativeResultsDirectory="a0b72ae2-12c6-4316-b61f-79294831c085" />    <UnitTestResult executionId="3765cec7-e92d-4aeb-9511-21217a192a1e" testId="5cd67ce4-99c6-7674-3400-719523694478" testName="TestAddModificationUpdateEntryModifyPropertyChangeValue" computerName="PRANAY-TEST" duration="00:00:00.0855589" startTime="2014-08-08T11:40:52.3378691-07:00" endTime="2014-08-08T11:40:52.4238691-07:00" testType="13cdc9d9-ddb5-4fa4-a97d-d965ccfc6d4b" outcome="Passed" testListId="8c84fa94-04c1-424b-9868-57a2d4851a1d" relativeResultsDirectory="3765cec7-e92d-4aeb-9511-21217a192a1e" />    <UnitTestResult executionId="33047fe4-c43d-4f39-ba25-0d38ba096746" testId="787dcca7-5c2b-2e8e-1388-23167085f2b0" testName="TestAddModificationUpdateEntryModifyPropertyRemoveValue" computerName="PRANAY-TEST" duration="00:00:00.0569250" startTime="2014-08-08T11:40:52.4238691-07:00" endTime="2014-08-08T11:40:52.4808691-07:00" testType="13cdc9d9-ddb5-4fa4-a97d-d965ccfc6d4b" outcome="Passed" testListId="8c84fa94-04c1-424b-9868-57a2d4851a1d" relativeResultsDirectory="33047fe4-c43d-4f39-ba25-0d38ba096746" />    <UnitTestResult executionId="abf5311e-709f-46e5-ab20-ad28b5df9f22" testId="d69e4c11-b254-1ecd-28cb-95e371dce10a" testName="TestEntries" computerName="PRANAY-TEST" duration="00:00:00.0688094" startTime="2014-08-08T11:40:52.4818691-07:00" endTime="2014-08-08T11:40:52.5508691-07:00" testType="13cdc9d9-ddb5-4fa4-a97d-d965ccfc6d4b" outcome="Passed" testListId="8c84fa94-04c1-424b-9868-57a2d4851a1d" relativeResultsDirectory="abf5311e-709f-46e5-ab20-ad28b5df9f22" />    <UnitTestResult executionId="05ea3f3d-6aed-453c-be96-6588a1c947df" testId="959c0057-799d-03df-ec56-e2335203dfa3" testName="TestFictitiousUserEntries" computerName="PRANAY-TEST" duration="00:00:00.1153976" startTime="2014-08-08T11:40:52.5508691-07:00" endTime="2014-08-08T11:40:52.6668691-07:00" testType="13cdc9d9-ddb5-4fa4-a97d-d965ccfc6d4b" outcome="Passed" testListId="8c84fa94-04c1-424b-9868-57a2d4851a1d" relativeResultsDirectory="05ea3f3d-6aed-453c-be96-6588a1c947df" />    <UnitTestResult executionId="598c14cd-34c3-471c-94e8-0047103a820c" testId="75cc9708-40f0-0027-3fe2-020475f2ffd1" testName="TestModifications" computerName="PRANAY-TEST" duration="00:00:00.0602457" startTime="2014-08-08T11:40:52.6668691-07:00" endTime="2014-08-08T11:40:52.7268691-07:00" testType="13cdc9d9-ddb5-4fa4-a97d-d965ccfc6d4b" outcome="Passed" testListId="8c84fa94-04c1-424b-9868-57a2d4851a1d" relativeResultsDirectory="598c14cd-34c3-471c-94e8-0047103a820c" />    <UnitTestResult executionId="1730976d-c911-419c-a53f-65c60eaf5a0e" testId="a4ea69ff-9527-d13d-d388-b37035301378" testName="TestExport" computerName="PRANAY-TEST" duration="00:00:00.0323844" startTime="2014-08-08T11:40:52.7268691-07:00" endTime="2014-08-08T11:40:52.7598691-07:00" testType="13cdc9d9-ddb5-4fa4-a97d-d965ccfc6d4b" outcome="Passed" testListId="8c84fa94-04c1-424b-9868-57a2d4851a1d" relativeResultsDirectory="1730976d-c911-419c-a53f-65c60eaf5a0e" />    <UnitTestResult executionId="7dc5fb37-34d8-4b94-9ba8-4253db4651fd" testId="56fb6329-543b-5aed-4800-814beb2dd128" testName="TestImportByAnchor" computerName="PRANAY-TEST" duration="00:00:00.0130993" startTime="2014-08-08T11:40:52.7608691-07:00" endTime="2014-08-08T11:40:52.7738691-07:00" testType="13cdc9d9-ddb5-4fa4-a97d-d965ccfc6d4b" outcome="Passed" testListId="8c84fa94-04c1-424b-9868-57a2d4851a1d" relativeResultsDirectory="7dc5fb37-34d8-4b94-9ba8-4253db4651fd" />    <UnitTestResult executionId="27085a83-64f0-4031-afe2-8441e438a241" testId="8419adf9-bc34-8240-c945-4587eeaf6525" testName="TestImportByJoiningPropertyValue" computerName="PRANAY-TEST" duration="00:00:00.0057373" startTime="2014-08-08T11:40:52.7738691-07:00" endTime="2014-08-08T11:40:52.7798691-07:00" testType="13cdc9d9-ddb5-4fa4-a97d-d965ccfc6d4b" outcome="Passed" testListId="8c84fa94-04c1-424b-9868-57a2d4851a1d" relativeResultsDirectory="27085a83-64f0-4031-afe2-8441e438a241" />    <UnitTestResult executionId="1c6aeca7-4bcf-4d1a-a6f6-4ce030a99def" testId="f25986ac-0cda-aa59-3b5d-791997d447b3" testName="TestDeserialize" computerName="PRANAY-TEST" duration="00:00:01.2393741" startTime="2014-08-08T11:40:52.7798691-07:00" endTime="2014-08-08T11:40:54.0198691-07:00" testType="13cdc9d9-ddb5-4fa4-a97d-d965ccfc6d4b" outcome="Passed" testListId="8c84fa94-04c1-424b-9868-57a2d4851a1d" relativeResultsDirectory="1c6aeca7-4bcf-4d1a-a6f6-4ce030a99def" />    <UnitTestResult executionId="aedcb655-d5ce-47a7-b3cd-56136788f833" testId="dc279dc7-7352-6c97-b480-4e7a5f8da47c" testName="TestDeserializeLegacyConnectorStatus" computerName="PRANAY-TEST" duration="00:00:00.1710023" startTime="2014-08-08T11:40:54.0208691-07:00" endTime="2014-08-08T11:40:54.1918691-07:00" testType="13cdc9d9-ddb5-4fa4-a97d-d965ccfc6d4b" outcome="Passed" testListId="8c84fa94-04c1-424b-9868-57a2d4851a1d" relativeResultsDirectory="aedcb655-d5ce-47a7-b3cd-56136788f833" />    <UnitTestResult executionId="e69af30b-0b89-4448-a6a1-c8066683052b" testId="772c1756-d080-2db9-6dd9-316a7e57de68" testName="TestDeserializeNoVersion" computerName="PRANAY-TEST" duration="00:01:24.4078839" startTime="2014-08-08T11:40:54.1918691-07:00" endTime="2014-08-08T11:42:18.5948691-07:00" testType="13cdc9d9-ddb5-4fa4-a97d-d965ccfc6d4b" outcome="Passed" testListId="8c84fa94-04c1-424b-9868-57a2d4851a1d" relativeResultsDirectory="e69af30b-0b89-4448-a6a1-c8066683052b" />    <UnitTestResult executionId="5a5dade6-b127-45e5-b22f-2fcd8e72726a" testId="f07bf4fc-9608-5eef-1829-77aa6cf157aa" testName="TestMessage" computerName="PRANAY-TEST" duration="00:00:00.7518773" startTime="2014-08-08T11:42:18.5958691-07:00" endTime="2014-08-08T11:42:19.3478691-07:00" testType="13cdc9d9-ddb5-4fa4-a97d-d965ccfc6d4b" outcome="Passed" testListId="8c84fa94-04c1-424b-9868-57a2d4851a1d" relativeResultsDirectory="5a5dade6-b127-45e5-b22f-2fcd8e72726a" />    <UnitTestResult executionId="0806fd20-9610-458c-8514-1b02174d03eb" testId="539ccdc7-34e0-6e6a-622c-0fba7623f8e9" testName="TestExporterPaging" computerName="PRANAY-TEST" duration="00:00:00.1683057" startTime="2014-08-08T11:42:19.3478691-07:00" endTime="2014-08-08T11:42:19.5168691-07:00" testType="13cdc9d9-ddb5-4fa4-a97d-d965ccfc6d4b" outcome="Passed" testListId="8c84fa94-04c1-424b-9868-57a2d4851a1d" relativeResultsDirectory="0806fd20-9610-458c-8514-1b02174d03eb" />    <UnitTestResult executionId="d7936c79-2649-4e19-b527-7b540a88d3f1" testId="7f039267-543a-fa27-c064-dcfb93ec4a81" testName="TestSerialize" computerName="PRANAY-TEST" duration="00:00:00.3728686" startTime="2014-08-08T11:42:19.5168691-07:00" endTime="2014-08-08T11:42:19.8908691-07:00" testType="13cdc9d9-ddb5-4fa4-a97d-d965ccfc6d4b" outcome="Passed" testListId="8c84fa94-04c1-424b-9868-57a2d4851a1d" relativeResultsDirectory="d7936c79-2649-4e19-b527-7b540a88d3f1" />    <UnitTestResult executionId="5c978370-4bdd-452f-82fb-3305702d7304" testId="f3a22ae9-62f6-6b29-34d3-3e501f2bf4b0" testName="TestWatermarkReset" computerName="PRANAY-TEST" duration="00:00:00.3058850" startTime="2014-08-08T11:42:19.8908691-07:00" endTime="2014-08-08T11:42:20.1968691-07:00" testType="13cdc9d9-ddb5-4fa4-a97d-d965ccfc6d4b" outcome="Passed" testListId="8c84fa94-04c1-424b-9868-57a2d4851a1d" relativeResultsDirectory="5c978370-4bdd-452f-82fb-3305702d7304" />    <UnitTestResult executionId="4879d86b-103d-445c-863e-09691c713348" testId="6cae51db-cb1d-4bef-6d96-8aec681fb27b" testName="TestVersioning" computerName="PRANAY-TEST" duration="00:00:00.0152492" startTime="2014-08-08T11:42:20.1968691-07:00" endTime="2014-08-08T11:42:20.2128691-07:00" testType="13cdc9d9-ddb5-4fa4-a97d-d965ccfc6d4b" outcome="Passed" testListId="8c84fa94-04c1-424b-9868-57a2d4851a1d" relativeResultsDirectory="4879d86b-103d-445c-863e-09691c713348" />    <UnitTestResult executionId="c821d1ed-de52-41e9-8d56-3cb521745586" testId="c84cd775-8597-263e-8d25-5495a1a4be47" testName="TestDeserializeQuickBooksOnline" computerName="PRANAY-TEST" duration="00:00:00.0040408" startTime="2014-08-08T11:42:20.2128691-07:00" endTime="2014-08-08T11:42:20.2168691-07:00" testType="13cdc9d9-ddb5-4fa4-a97d-d965ccfc6d4b" outcome="Passed" testListId="8c84fa94-04c1-424b-9868-57a2d4851a1d" relativeResultsDirectory="c821d1ed-de52-41e9-8d56-3cb521745586" />    <UnitTestResult executionId="c510d1ed-ec56-4278-b353-40f94233f4fe" testId="1235b514-c144-0c70-8ed1-8e44f69a90ff" testName="TestDeserializeSalesForce" computerName="PRANAY-TEST" duration="00:00:00.0007930" startTime="2014-08-08T11:42:20.2168691-07:00" endTime="2014-08-08T11:42:20.2178691-07:00" testType="13cdc9d9-ddb5-4fa4-a97d-d965ccfc6d4b" outcome="Passed" testListId="8c84fa94-04c1-424b-9868-57a2d4851a1d" relativeResultsDirectory="c510d1ed-ec56-4278-b353-40f94233f4fe" />    <UnitTestResult executionId="9bf5db7f-46d0-4616-9f16-6dd7d0faeb87" testId="72ca6348-e3e1-ffab-55f7-81b5a55416b5" testName="TestSerializeQuickBooksOnline" computerName="PRANAY-TEST" duration="00:00:00.0003287" startTime="2014-08-08T11:42:20.2178691-07:00" endTime="2014-08-08T11:42:20.2188691-07:00" testType="13cdc9d9-ddb5-4fa4-a97d-d965ccfc6d4b" outcome="Passed" testListId="8c84fa94-04c1-424b-9868-57a2d4851a1d" relativeResultsDirectory="9bf5db7f-46d0-4616-9f16-6dd7d0faeb87" />    <UnitTestResult executionId="f6f934d5-41e1-42bb-8407-5a4dc390c4fb" testId="dfc190d4-e3cc-e599-4219-0478ddd2c871" testName="TestSerializeSalesForce" computerName="PRANAY-TEST" duration="00:00:00.0003626" startTime="2014-08-08T11:42:20.2188691-07:00" endTime="2014-08-08T11:42:20.2198691-07:00" testType="13cdc9d9-ddb5-4fa4-a97d-d965ccfc6d4b" outcome="Passed" testListId="8c84fa94-04c1-424b-9868-57a2d4851a1d" relativeResultsDirectory="f6f934d5-41e1-42bb-8407-5a4dc390c4fb" />    <UnitTestResult executionId="8295a542-731c-4d34-8e59-b18e29804317" testId="b6ca8dcf-6172-e862-6a18-cdb23bb6c687" testName="TestDeserialize" computerName="PRANAY-TEST" duration="00:00:00.0041613" startTime="2014-08-08T11:42:20.2198691-07:00" endTime="2014-08-08T11:42:20.2238691-07:00" testType="13cdc9d9-ddb5-4fa4-a97d-d965ccfc6d4b" outcome="Passed" testListId="8c84fa94-04c1-424b-9868-57a2d4851a1d" relativeResultsDirectory="8295a542-731c-4d34-8e59-b18e29804317" />    <UnitTestResult executionId="97b9801a-0d79-4cc5-bde0-aed84f9e3ac8" testId="b3020c94-f365-f694-6bcf-1496fd071604" testName="TestSerialize" computerName="PRANAY-TEST" duration="00:00:00.0003880" startTime="2014-08-08T11:42:20.2238691-07:00" endTime="2014-08-08T11:42:20.2248691-07:00" testType="13cdc9d9-ddb5-4fa4-a97d-d965ccfc6d4b" outcome="Passed" testListId="8c84fa94-04c1-424b-9868-57a2d4851a1d" relativeResultsDirectory="97b9801a-0d79-4cc5-bde0-aed84f9e3ac8" />    <UnitTestResult executionId="ec55e96d-f808-4313-bd6d-1da580b134cc" testId="c89abfa0-b55a-24c6-c97d-0e4769696f83" testName="TestCreation" computerName="PRANAY-TEST" duration="00:00:00.0179135" startTime="2014-08-08T11:42:20.2248691-07:00" endTime="2014-08-08T11:42:20.2428691-07:00" testType="13cdc9d9-ddb5-4fa4-a97d-d965ccfc6d4b" outcome="Passed" testListId="8c84fa94-04c1-424b-9868-57a2d4851a1d" relativeResultsDirectory="ec55e96d-f808-4313-bd6d-1da580b134cc" />    <UnitTestResult executionId="d0e3e0da-fa34-44db-8dca-fe8151632dc9" testId="ec6200fc-c3cb-8017-c7df-ba5489248b4c" testName="TestGetEntries" computerName="PRANAY-TEST" duration="00:00:01.9874353" startTime="2014-08-08T11:42:20.2428691-07:00" endTime="2014-08-08T11:42:22.2308691-07:00" testType="13cdc9d9-ddb5-4fa4-a97d-d965ccfc6d4b" outcome="Passed" testListId="8c84fa94-04c1-424b-9868-57a2d4851a1d" relativeResultsDirectory="d0e3e0da-fa34-44db-8dca-fe8151632dc9" />    <UnitTestResult executionId="0cfa515c-7ef5-4407-972e-019143770a09" testId="a748cff0-f727-2f92-e63c-97ade7e3f150" testName="TestPutExportEntries" computerName="PRANAY-TEST" duration="00:00:00.2532333" startTime="2014-08-08T11:42:22.2308691-07:00" endTime="2014-08-08T11:42:22.4848691-07:00" testType="13cdc9d9-ddb5-4fa4-a97d-d965ccfc6d4b" outcome="Passed" testListId="8c84fa94-04c1-424b-9868-57a2d4851a1d" relativeResultsDirectory="0cfa515c-7ef5-4407-972e-019143770a09" />    <UnitTestResult executionId="85c2f444-1b08-4f88-bfcf-43e052cdbf42" testId="078c4570-fe14-6243-4d53-73f71257145f" testName="TestSynchronizeDelta" computerName="PRANAY-TEST" duration="00:00:00.1538417" startTime="2014-08-08T11:42:22.4848691-07:00" endTime="2014-08-08T11:42:22.6388691-07:00" testType="13cdc9d9-ddb5-4fa4-a97d-d965ccfc6d4b" outcome="Passed" testListId="8c84fa94-04c1-424b-9868-57a2d4851a1d" relativeResultsDirectory="85c2f444-1b08-4f88-bfcf-43e052cdbf42" />    <UnitTestResult executionId="046145dd-9a28-46bc-bcc7-edc62f9c1e82" testId="ea41c9ae-eee2-2dcc-3fab-596c10c52245" testName="TestSynchronizeFull" computerName="PRANAY-TEST" duration="00:00:00.3192083" startTime="2014-08-08T11:42:22.6388691-07:00" endTime="2014-08-08T11:42:22.9588691-07:00" testType="13cdc9d9-ddb5-4fa4-a97d-d965ccfc6d4b" outcome="Passed" testListId="8c84fa94-04c1-424b-9868-57a2d4851a1d" relativeResultsDirectory="046145dd-9a28-46bc-bcc7-edc62f9c1e82" />    <UnitTestResult executionId="1a9a07f7-6ec3-4524-b552-9b321656c93a" testId="ec1b7b2e-36db-791a-fcaf-3e98657c626e" testName="TestDeletion" computerName="PRANAY-TEST" duration="00:00:13.3898991" startTime="2014-08-08T11:37:44.4748691-07:00" endTime="2014-08-08T11:37:57.9658691-07:00" testType="13cdc9d9-ddb5-4fa4-a97d-d965ccfc6d4b" outcome="Passed" testListId="8c84fa94-04c1-424b-9868-57a2d4851a1d" relativeResultsDirectory="1a9a07f7-6ec3-4524-b552-9b321656c93a" />    <UnitTestResult executionId="dbff8d86-6b57-477e-a365-88cd13afad9e" testId="24f7fbbd-432b-e9dc-4e35-a8ebc1b7e000" testName="TestIdentifiedSchedule" computerName="PRANAY-TEST" duration="00:00:00.6096847" startTime="2014-08-08T11:37:57.9858691-07:00" endTime="2014-08-08T11:37:58.5968691-07:00" testType="13cdc9d9-ddb5-4fa4-a97d-d965ccfc6d4b" outcome="Passed" testListId="8c84fa94-04c1-424b-9868-57a2d4851a1d" relativeResultsDirectory="dbff8d86-6b57-477e-a365-88cd13afad9e" />    <UnitTestResult executionId="542ce915-8147-4a2f-8c7e-4110a3fdd642" testId="a72cec22-9282-aeca-6266-d9441431ad13" testName="TestIdentifiedScheduleSupplementary" computerName="PRANAY-TEST" duration="00:00:00.3743241" startTime="2014-08-08T11:37:58.5978691-07:00" endTime="2014-08-08T11:37:58.9718691-07:00" testType="13cdc9d9-ddb5-4fa4-a97d-d965ccfc6d4b" outcome="Passed" testListId="8c84fa94-04c1-424b-9868-57a2d4851a1d" relativeResultsDirectory="542ce915-8147-4a2f-8c7e-4110a3fdd642" />    <UnitTestResult executionId="eae21277-6104-4d92-bb4d-7621a6c7c2f3" testId="d5ed6388-cea9-6f5d-d505-4a4623406645" testName="TestSchedule" computerName="PRANAY-TEST" duration="00:00:10.6462756" startTime="2014-08-08T11:37:58.9718691-07:00" endTime="2014-08-08T11:38:09.6188691-07:00" testType="13cdc9d9-ddb5-4fa4-a97d-d965ccfc6d4b" outcome="Failed" testListId="8c84fa94-04c1-424b-9868-57a2d4851a1d" relativeResultsDirectory="eae21277-6104-4d92-bb4d-7621a6c7c2f3">      <Output>        <ErrorInfo>          <Message>Assert.IsTrue failed. </Message>          <StackTrace>   at Microsoft.ActiveDirectory.Connector.Test.SchedulerUnitTest.TestSchedule() in f:\src\Adiam_Cloud_Nightly_Tester\sources\test\Services\SyncFabric\Controller\UnitTests\TestScheduler\SchedulerUnitTest.cs:line 443</StackTrace>        </ErrorInfo>      </Output>    </UnitTestResult>    <UnitTestResult executionId="8bb6664c-b20a-46c7-ac88-e843969dca3b" testId="3adf6ecf-0445-b2fe-b3dc-6c8ce5e12e28" testName="TestUpdate" computerName="PRANAY-TEST" duration="00:00:02.2088443" startTime="2014-08-08T11:38:09.6188691-07:00" endTime="2014-08-08T11:38:11.8288691-07:00" testType="13cdc9d9-ddb5-4fa4-a97d-d965ccfc6d4b" outcome="Passed" testListId="8c84fa94-04c1-424b-9868-57a2d4851a1d" relativeResultsDirectory="8bb6664c-b20a-46c7-ac88-e843969dca3b" />    <UnitTestResult executionId="269fffd4-7d30-40a1-ab7e-7859838ddc06" testId="c799fae2-9ce5-5086-20a0-1d50daa2e434" testName="TestUpgrade" computerName="PRANAY-TEST" duration="00:00:02.7689917" startTime="2014-08-08T11:38:11.8298691-07:00" endTime="2014-08-08T11:38:14.5998691-07:00" testType="13cdc9d9-ddb5-4fa4-a97d-d965ccfc6d4b" outcome="Passed" testListId="8c84fa94-04c1-424b-9868-57a2d4851a1d" relativeResultsDirectory="269fffd4-7d30-40a1-ab7e-7859838ddc06" />    <UnitTestResult executionId="e6e4b0e5-743e-4151-b5b2-d1b485b977f7" testId="1f593a90-111c-3721-321a-0c6f9489efee" testName="TestOutboundProvisioning" computerName="PRANAY-TEST" duration="00:00:00.2297405" startTime="2014-08-08T11:37:52.2428691-07:00" endTime="2014-08-08T11:38:04.9978691-07:00" testType="13cdc9d9-ddb5-4fa4-a97d-d965ccfc6d4b" outcome="Failed" testListId="8c84fa94-04c1-424b-9868-57a2d4851a1d" relativeResultsDirectory="e6e4b0e5-743e-4151-b5b2-d1b485b977f7">      <Output>        <ErrorInfo>          <Message>Initialization method Microsoft.ActiveDirectory.Connector.Test.CloudQueueScenarioTest.Initialize threw exception. System.TypeInitializationException: System.TypeInitializationException: The type initializer for 'Microsoft.WindowsAzure.ServiceRuntime.RoleEnvironment' threw an exception. ---&gt; System.IO.FileNotFoundException: Could not load file or assembly 'msshrtmi, Version=2.3.0.0, Culture=neutral, PublicKeyToken=31bf3856ad364e35' or one of its dependencies. The system cannot find the file specified.WRN: Assembly binding logging is turned OFF.To enable assembly bind failure logging, set the registry value [HKLM\Software\Microsoft\Fusion!EnableLog] (DWORD) to 1.Note: There is some performance penalty associated with assembly bind failure logging.To turn this feature off, remove the registry value [HKLM\Software\Microsoft\Fusion!EnableLog]..</Message>          <StackTrace>    at Microsoft.WindowsAzure.ServiceRuntime.RoleEnvironment.InitializeEnvironment()   at Microsoft.WindowsAzure.ServiceRuntime.RoleEnvironment..cctor() --- End of inner exception stack trace ---    at Microsoft.WindowsAzure.ServiceRuntime.RoleEnvironment.get_IsAvailable()   at Microsoft.ActiveDirectory.Connector.Host.ResetWebServer() in f:\src\Adiam_Cloud_Nightly_Tester\sources\dev\Services\SyncFabric\Controller\Utility\Host.cs:line 236   at Microsoft.ActiveDirectory.Connector.Test.CloudQueueScenarioTest.Initialize() in f:\src\Adiam_Cloud_Nightly_Tester\sources\test\Services\SyncFabric\Controller\ScenarioTests\TestScenarioWithCloudQueue\CloudQueueScenarioTest.cs:line 86</StackTrace>        </ErrorInfo>      </Output>    </UnitTestResult>    <UnitTestResult executionId="f390bb0c-4237-4d3d-ac7b-5517966d08ef" testId="56e4822c-67dc-e287-68b1-635ea983221d" testName="TestUpdate" computerName="PRANAY-TEST" duration="00:00:32.4280040" startTime="2014-08-08T11:37:38.0218691-07:00" endTime="2014-08-08T11:38:10.6038691-07:00" testType="13cdc9d9-ddb5-4fa4-a97d-d965ccfc6d4b" outcome="Passed" testListId="8c84fa94-04c1-424b-9868-57a2d4851a1d" relativeResultsDirectory="f390bb0c-4237-4d3d-ac7b-5517966d08ef" />    <UnitTestResult executionId="f284a4ec-a131-49d7-bccc-6ce77a7d1a5b" testId="bd4c1bcc-2110-8a63-3270-3eb25d652b5f" testName="TestAuthentication" computerName="PRANAY-TEST" duration="00:00:34.9442367" startTime="2014-08-08T11:37:38.2008691-07:00" endTime="2014-08-08T11:38:13.2368691-07:00" testType="13cdc9d9-ddb5-4fa4-a97d-d965ccfc6d4b" outcome="Passed" testListId="8c84fa94-04c1-424b-9868-57a2d4851a1d" relativeResultsDirectory="f284a4ec-a131-49d7-bccc-6ce77a7d1a5b" />    <UnitTestResult executionId="734155b7-5e7f-4ddd-828e-157414139ad1" testId="b663b28e-2efe-9bdc-3671-e97ae3be48a5" testName="TestParsingCompanies" computerName="PRANAY-TEST" duration="00:00:01.1274302" startTime="2014-08-08T11:38:13.2578691-07:00" endTime="2014-08-08T11:38:14.4048691-07:00" testType="13cdc9d9-ddb5-4fa4-a97d-d965ccfc6d4b" outcome="Passed" testListId="8c84fa94-04c1-424b-9868-57a2d4851a1d" relativeResultsDirectory="734155b7-5e7f-4ddd-828e-157414139ad1" />    <UnitTestResult executionId="902a96e3-bbe4-4ef8-88b0-bb42bc9bdb62" testId="e730d1dc-1d3d-43fd-33ff-4a1176abe636" testName="TestRawGraphProxy" computerName="PRANAY-TEST" duration="00:03:03.6082584" startTime="2014-08-08T11:38:14.4048691-07:00" endTime="2014-08-08T11:41:18.0028691-07:00" testType="13cdc9d9-ddb5-4fa4-a97d-d965ccfc6d4b" outcome="Passed" testListId="8c84fa94-04c1-424b-9868-57a2d4851a1d" relativeResultsDirectory="902a96e3-bbe4-4ef8-88b0-bb42bc9bdb62" />    <UnitTestResult executionId="b2516d1d-289a-43a7-9822-323cb7e54bb0" testId="8bba806a-ef9f-63b1-8a84-bb8b3dd16858" testName="TestRawGraphProxyBatches" computerName="PRANAY-TEST" duration="00:00:53.6300054" startTime="2014-08-08T11:41:18.0038691-07:00" endTime="2014-08-08T11:42:11.6308691-07:00" testType="13cdc9d9-ddb5-4fa4-a97d-d965ccfc6d4b" outcome="Passed" testListId="8c84fa94-04c1-424b-9868-57a2d4851a1d" relativeResultsDirectory="b2516d1d-289a-43a7-9822-323cb7e54bb0" />    <UnitTestResult executionId="b375864b-3172-47ad-a86a-e4facd461d1a" testId="bfcb452d-d63a-d378-eb12-d5d2fbc6ea05" testName="TestQuickBooksProxyAdapterImportByAnchor" computerName="PRANAY-TEST" duration="00:00:22.8763973" startTime="2014-08-08T11:37:51.7198691-07:00" endTime="2014-08-08T11:38:14.6648691-07:00" testType="13cdc9d9-ddb5-4fa4-a97d-d965ccfc6d4b" outcome="Passed" testListId="8c84fa94-04c1-424b-9868-57a2d4851a1d" relativeResultsDirectory="b375864b-3172-47ad-a86a-e4facd461d1a" />    <UnitTestResult executionId="18f119c7-04ab-4826-87be-3ad517591464" testId="cd9413f3-cd78-f1b8-b53d-707a8795850e" testName="TestETWManifestInstallation" computerName="PRANAY-TEST" duration="00:00:14.6523267" startTime="2014-08-08T11:38:03.6918691-07:00" endTime="2014-08-08T11:38:18.6028691-07:00" testType="13cdc9d9-ddb5-4fa4-a97d-d965ccfc6d4b" outcome="Failed" testListId="8c84fa94-04c1-424b-9868-57a2d4851a1d" relativeResultsDirectory="18f119c7-04ab-4826-87be-3ad517591464">      <Output>        <ErrorInfo>          <Message>Test method Microsoft.ActiveDirectory.Connector.Test.MonitoringInstallerUnitTest.TestETWManifestInstallation threw exception: System.ArgumentException: WevUtil did not finish in the stipulated time with these arguments: im MonitoringAdapterTraceSpecification.man</Message>          <StackTrace>    at Microsoft.ActiveDirectory.Connector.MonitoringAdapterTraceSpecificationInstaller.ExecuteWevtutil(String arguments) in f:\src\Adiam_Cloud_Nightly_Tester\sources\dev\Services\SyncFabric\Controller\MonitoringAdapter\MonitoringAdapterTraceSpecificationInstaller.cs:line 56   at Microsoft.ActiveDirectory.Connector.MonitoringAdapterTraceSpecificationInstaller.Install() in f:\src\Adiam_Cloud_Nightly_Tester\sources\dev\Services\SyncFabric\Controller\MonitoringAdapter\MonitoringAdapterTraceSpecificationInstaller.cs:line 103   at Microsoft.ActiveDirectory.Connector.Test.MonitoringInstallerUnitTest.TestETWManifestInstallation() in f:\src\Adiam_Cloud_Nightly_Tester\sources\test\Services\SyncFabric\Controller\UnitTests\TestMonitoring\MonitoringInstallerUnitTest.cs:line 20</StackTrace>        </ErrorInfo>      </Output>    </UnitTestResult>    <UnitTestResult executionId="a50f3f18-cf3a-419e-b6fc-3619fc45cc43" testId="259d1ce1-fdb8-909a-90d9-6e804528f429" testName="TestCriticalErrorEmission" computerName="PRANAY-TEST" duration="00:00:10.7290347" startTime="2014-08-08T11:38:18.6608691-07:00" endTime="2014-08-08T11:38:29.3908691-07:00" testType="13cdc9d9-ddb5-4fa4-a97d-d965ccfc6d4b" outcome="Passed" testListId="8c84fa94-04c1-424b-9868-57a2d4851a1d" relativeResultsDirectory="a50f3f18-cf3a-419e-b6fc-3619fc45cc43" />    <UnitTestResult executionId="81670c9a-d04b-409f-986e-161d63dda7a3" testId="a7b273e0-2999-2341-10e8-f8aa44944872" testName="TestEmissionMetadata" computerName="PRANAY-TEST" duration="00:00:00.0035050" startTime="2014-08-08T11:38:29.3918691-07:00" endTime="2014-08-08T11:38:29.3958691-07:00" testType="13cdc9d9-ddb5-4fa4-a97d-d965ccfc6d4b" outcome="Passed" testListId="8c84fa94-04c1-424b-9868-57a2d4851a1d" relativeResultsDirectory="81670c9a-d04b-409f-986e-161d63dda7a3" />    <UnitTestResult executionId="3dae9af0-90c3-496c-8129-9f1279383041" testId="9863179c-272a-b23d-7dee-1e1cfee1927f" testName="TestEmissionContainsSecrets" computerName="PRANAY-TEST" duration="00:00:00.0058540" startTime="2014-08-08T11:38:29.3958691-07:00" endTime="2014-08-08T11:38:29.4018691-07:00" testType="13cdc9d9-ddb5-4fa4-a97d-d965ccfc6d4b" outcome="Passed" testListId="8c84fa94-04c1-424b-9868-57a2d4851a1d" relativeResultsDirectory="3dae9af0-90c3-496c-8129-9f1279383041" />    <UnitTestResult executionId="abfd0441-74c1-4346-8bd2-23ee8a305d03" testId="5cbc4369-c490-f77c-7bd7-7aa365b037f0" testName="TestErrorEmission" computerName="PRANAY-TEST" duration="00:00:00.2235046" startTime="2014-08-08T11:38:29.4028691-07:00" endTime="2014-08-08T11:38:29.6258691-07:00" testType="13cdc9d9-ddb5-4fa4-a97d-d965ccfc6d4b" outcome="Passed" testListId="8c84fa94-04c1-424b-9868-57a2d4851a1d" relativeResultsDirectory="abfd0441-74c1-4346-8bd2-23ee8a305d03" />    <UnitTestResult executionId="8a033764-083d-4fb9-9c61-cf7bd78f9587" testId="17fadc5f-bc6f-27ee-d038-d3341be9a0c2" testName="TestInformationEmission" computerName="PRANAY-TEST" duration="00:00:00.0062470" startTime="2014-08-08T11:38:29.6258691-07:00" endTime="2014-08-08T11:38:29.6328691-07:00" testType="13cdc9d9-ddb5-4fa4-a97d-d965ccfc6d4b" outcome="Passed" testListId="8c84fa94-04c1-424b-9868-57a2d4851a1d" relativeResultsDirectory="8a033764-083d-4fb9-9c61-cf7bd78f9587" />    <UnitTestResult executionId="7f144f7d-e8d4-4617-9e34-9a49eb20584f" testId="ee8f64dc-2147-ad36-bbf3-b9abd414090a" testName="TestOperationTracker" computerName="PRANAY-TEST" duration="00:00:05.2544736" startTime="2014-08-08T11:38:29.6328691-07:00" endTime="2014-08-08T11:38:34.8878691-07:00" testType="13cdc9d9-ddb5-4fa4-a97d-d965ccfc6d4b" outcome="Passed" testListId="8c84fa94-04c1-424b-9868-57a2d4851a1d" relativeResultsDirectory="7f144f7d-e8d4-4617-9e34-9a49eb20584f" />    <UnitTestResult executionId="8718646b-5bed-43a0-bbc6-8bedeefcd157" testId="d622cb79-30b3-81d8-86a1-43538721ce2d" testName="TestSplittingEmission" computerName="PRANAY-TEST" duration="00:00:00.0375844" startTime="2014-08-08T11:38:34.8888691-07:00" endTime="2014-08-08T11:38:34.9268691-07:00" testType="13cdc9d9-ddb5-4fa4-a97d-d965ccfc6d4b" outcome="Passed" testListId="8c84fa94-04c1-424b-9868-57a2d4851a1d" relativeResultsDirectory="8718646b-5bed-43a0-bbc6-8bedeefcd157" />    <UnitTestResult executionId="cef1ec68-0c81-409c-a26c-b7d801d38f6f" testId="82726b63-af00-05a0-ea65-8a4a07f9d9dd" testName="TestEmitRunProfileStatisticsEmission" computerName="PRANAY-TEST" duration="00:00:00.0085394" startTime="2014-08-08T11:38:34.9268691-07:00" endTime="2014-08-08T11:38:34.9358691-07:00" testType="13cdc9d9-ddb5-4fa4-a97d-d965ccfc6d4b" outcome="Passed" testListId="8c84fa94-04c1-424b-9868-57a2d4851a1d" relativeResultsDirectory="cef1ec68-0c81-409c-a26c-b7d801d38f6f" />    <UnitTestResult executionId="36ecfedd-2da6-4d52-89dc-8cf996f5e8c8" testId="b9deaf76-e752-369a-84d5-87982beda926" testName="TestEmitMetricEmission" computerName="PRANAY-TEST" duration="00:00:00.0080217" startTime="2014-08-08T11:38:34.9358691-07:00" endTime="2014-08-08T11:38:34.9438691-07:00" testType="13cdc9d9-ddb5-4fa4-a97d-d965ccfc6d4b" outcome="Passed" testListId="8c84fa94-04c1-424b-9868-57a2d4851a1d" relativeResultsDirectory="36ecfedd-2da6-4d52-89dc-8cf996f5e8c8" />    <UnitTestResult executionId="ed268bfb-ed04-4fc3-a4db-74cbf9870d79" testId="9aeec150-0375-d597-e089-fd38a184c221" testName="TestEmitOperationMetricEmission" computerName="PRANAY-TEST" duration="00:00:00.9162815" startTime="2014-08-08T11:38:34.9438691-07:00" endTime="2014-08-08T11:38:35.8608691-07:00" testType="13cdc9d9-ddb5-4fa4-a97d-d965ccfc6d4b" outcome="Passed" testListId="8c84fa94-04c1-424b-9868-57a2d4851a1d" relativeResultsDirectory="ed268bfb-ed04-4fc3-a4db-74cbf9870d79" />    <UnitTestResult executionId="4b7dec19-fcdd-4d74-b71e-2700f80161ef" testId="9c44ca8d-1807-7017-8e45-bff4f8c2989b" testName="TestUsageEmission" computerName="PRANAY-TEST" duration="00:00:00.0068152" startTime="2014-08-08T11:38:35.8608691-07:00" endTime="2014-08-08T11:38:35.8678691-07:00" testType="13cdc9d9-ddb5-4fa4-a97d-d965ccfc6d4b" outcome="Passed" testListId="8c84fa94-04c1-424b-9868
[...]
 <TestEntry testId="ba0a03ee-a3eb-fe91-f758-f9740c4c55a4" executionId="85284657-c863-46d8-9956-a8614ee48900" testListId="8c84fa94-04c1-424b-9868-57a2d4851a1d" />    <TestEntry testId="2d09a5cd-c144-8fc3-8593-814aa73f247a" executionId="ebbc6ec3-3ee1-462a-8b2f-b03be52be5c8" testListId="8c84fa94-04c1-424b-9868-57a2d4851a1d" />    <TestEntry testId="d49eee95-53c2-4ffe-f896-eb37332737cf" executionId="e2e55f3b-2009-4216-914a-197e3536ee6d" testListId="8c84fa94-04c1-424b-9868-57a2d4851a1d" />    <TestEntry testId="19eeca2b-ff0e-f272-ec73-72a31cf8e95e" executionId="08ea26a9-b642-4555-be7e-fb6ee42b0d00" testListId="8c84fa94-04c1-424b-9868-57a2d4851a1d" />    <TestEntry testId="2f2c1ef7-4a9e-871d-d4b6-17c151c61b41" executionId="f0a42810-0d74-4648-a8ca-5eeb663dbd78" testListId="8c84fa94-04c1-424b-9868-57a2d4851a1d" />    <TestEntry testId="6adc519e-93dc-8188-14a8-bce7d8612a6d" executionId="727eaddb-5759-4f3c-a2d9-b6a6ef13101f" testListId="8c84fa94-04c1-424b-9868-57a2d4851a1d" />    <TestEntry testId="4e13138b-b6de-e265-5875-6d7fb77a7962" executionId="dbb28ec1-70ff-497c-93aa-1371cb747186" testListId="8c84fa94-04c1-424b-9868-57a2d4851a1d" />    <TestEntry testId="5aa38983-0dfb-4a60-357c-2d8782cb64b1" executionId="9494f574-6c5d-42db-81e5-f98a7d4840d5" testListId="8c84fa94-04c1-424b-9868-57a2d4851a1d" />    <TestEntry testId="aea31092-71a2-80ae-19f4-8df5ffa87250" executionId="bd204d7f-b3b2-4635-9a51-d9c06bd720dc" testListId="8c84fa94-04c1-424b-9868-57a2d4851a1d" />    <TestEntry testId="b79dcff5-3090-1c49-8559-df4da7146816" executionId="c88f9dcb-8247-431a-b925-97cb4c61be0e" testListId="8c84fa94-04c1-424b-9868-57a2d4851a1d" />    <TestEntry testId="d15666db-0b53-e697-3720-950459332fbc" executionId="182d6d77-6780-4c74-9b5e-cc743d0a3fa3" testListId="8c84fa94-04c1-424b-9868-57a2d4851a1d" />    <TestEntry testId="6457ec6b-7735-9658-4d8f-7b6137491705" executionId="c19d5c70-d03d-4dcc-b1f5-2f3303425963" testListId="8c84fa94-04c1-424b-9868-57a2d4851a1d" />    <TestEntry testId="246e626b-75c4-ea1c-bc83-d4056cefd66a" executionId="6d6c0526-f209-40c2-b62f-f4199846546f" testListId="8c84fa94-04c1-424b-9868-57a2d4851a1d" />    <TestEntry testId="61a388f4-2ef0-3528-4a00-ecea6dee217e" executionId="69f37744-a5d3-42ab-876d-4a898b2d0fb3" testListId="8c84fa94-04c1-424b-9868-57a2d4851a1d" />    <TestEntry testId="074bd96e-e8a5-8ac0-e401-67618904fe55" executionId="cdd97528-1c58-4f50-8dc9-88bcdf9623e1" testListId="8c84fa94-04c1-424b-9868-57a2d4851a1d" />    <TestEntry testId="3e385389-0ff3-370c-c5c2-a19f1c4e777f" executionId="b391c7db-3331-44bd-bc4f-55c6904f8c74" testListId="8c84fa94-04c1-424b-9868-57a2d4851a1d" />    <TestEntry testId="29ce40d4-7595-ad8b-e1b1-ddc154a7724b" executionId="bde9030f-3300-451a-9727-40c3ed36528d" testListId="8c84fa94-04c1-424b-9868-57a2d4851a1d" />    <TestEntry testId="abd53c1c-08ba-09f7-769d-1062ce01c207" executionId="0153e8c5-0cf0-4977-931c-5444bce40f1d" testListId="8c84fa94-04c1-424b-9868-57a2d4851a1d" />    <TestEntry testId="756727b2-e98e-61ac-09fd-f0257a209aed" executionId="150157b8-aed3-48c8-8410-e6f31428570a" testListId="8c84fa94-04c1-424b-9868-57a2d4851a1d" />    <TestEntry testId="1fdc10df-73ad-b25e-2b82-9698349bb428" executionId="3cacfea8-8de0-477d-a485-64a495e61011" testListId="8c84fa94-04c1-424b-9868-57a2d4851a1d" />    <TestEntry testId="1081b2c5-f169-01e5-155c-0d00973389cf" executionId="f02d0269-fd82-45c0-8c98-cbf71b09e03b" testListId="8c84fa94-04c1-424b-9868-57a2d4851a1d" />    <TestEntry testId="aa787804-0117-488b-88e4-8edd75f97318" executionId="448f06df-33b1-4cda-8837-923ba6d01746" testListId="8c84fa94-04c1-424b-9868-57a2d4851a1d" />    <TestEntry testId="08b48e02-34a9-a3bf-4f63-bfd0dca7e43b" executionId="d10b5cb3-c643-4279-9128-c8dcfa792948" testListId="8c84fa94-04c1-424b-9868-57a2d4851a1d" />    <TestEntry testId="4a4f57cd-a9e3-99e8-b8df-b769d9d22f3d" executionId="1679410f-cc14-40e7-8b61-f80b1ab143e6" testListId="8c84fa94-04c1-424b-9868-57a2d4851a1d" />    <TestEntry testId="75720ab4-f3f2-7d55-c8bf-e0dca9802992" executionId="1fc23103-d65e-4cc7-8cc6-0673a4966baf" testListId="8c84fa94-04c1-424b-9868-57a2d4851a1d" />    <TestEntry testId="a8f1e1a3-9eae-6ca1-b213-e197d1e29374" executionId="c75b93ff-3f33-448d-ad08-9ed567c08c76" testListId="8c84fa94-04c1-424b-9868-57a2d4851a1d" />    <TestEntry testId="5e9f656b-abbd-49d4-49d8-9a4155812043" executionId="d2438a60-1ba9-4004-a638-038df9e1f63b" testListId="8c84fa94-04c1-424b-9868-57a2d4851a1d" />    <TestEntry testId="7b463b21-9338-41eb-2018-847a0a5550f3" executionId="071c2ebd-7d1e-4981-857d-fe39d8d9e2f1" testListId="8c84fa94-04c1-424b-9868-57a2d4851a1d" />    <TestEntry testId="07b817e1-dff8-3b20-8131-38d88cee2b7a" executionId="4ca6077c-59fb-45b8-b185-dfcf1b326c5e" testListId="8c84fa94-04c1-424b-9868-57a2d4851a1d" />    <TestEntry testId="bfd767b9-1af3-90da-2c44-b907df0646ff" executionId="5571d810-95d6-4c42-9da4-a9b22edde4c4" testListId="8c84fa94-04c1-424b-9868-57a2d4851a1d" />    <TestEntry testId="2d41973d-4d6b-fc48-e40b-f6f805d67a12" executionId="713e28d2-bcae-49d6-b7f5-78e0b24a9672" testListId="8c84fa94-04c1-424b-9868-57a2d4851a1d" />    <TestEntry testId="72f0acad-e72e-0760-4147-6e0c846804f0" executionId="288e7d32-3fe7-4727-b90b-a67647cb0b8f" testListId="8c84fa94-04c1-424b-9868-57a2d4851a1d" />    <TestEntry testId="8902f795-8af8-dabc-8a1d-448d54679240" executionId="e3e2e1bf-186a-4b76-8614-01fbf44e7705" testListId="8c84fa94-04c1-424b-9868-57a2d4851a1d" />    <TestEntry testId="63b7abc0-64ca-0d16-59ff-ec759d5563ba" executionId="3c9a2b77-02fd-4194-ad3c-5b7ec922249a" testListId="8c84fa94-04c1-424b-9868-57a2d4851a1d" />    <TestEntry testId="5c3fad22-5102-f075-bd76-815a8eb6e2e5" executionId="011f009e-98e1-45fe-a5d4-54df382b02d8" testListId="8c84fa94-04c1-424b-9868-57a2d4851a1d" />    <TestEntry testId="67341bb2-389c-12c2-cf9f-64ead8995ff0" executionId="f07756e9-e835-4f8d-a39b-5949ac7cd743" testListId="8c84fa94-04c1-424b-9868-57a2d4851a1d" />    <TestEntry testId="41c8c9cb-e9f5-7580-1483-353f9ee32474" executionId="62021d03-a428-454b-bedb-e6a9c426af15" testListId="8c84fa94-04c1-424b-9868-57a2d4851a1d" />    <TestEntry testId="1f57f1d1-6d9f-cf06-ba55-bd8fedd80a52" executionId="2f1f04cd-830f-4315-915a-12c54c481e92" testListId="8c84fa94-04c1-424b-9868-57a2d4851a1d" />    <TestEntry testId="5e1dd0dc-81b4-3655-1371-793d50ff80a0" executionId="984e2b8b-b4d3-4cdf-9854-a9b92bfe67e3" testListId="8c84fa94-04c1-424b-9868-57a2d4851a1d" />    <TestEntry testId="93df08de-7565-8a05-b95e-61c3fa867e52" executionId="66b33a04-9531-411c-99d4-64242e7e9116" testListId="8c84fa94-04c1-424b-9868-57a2d4851a1d" />    <TestEntry testId="01c4307c-810d-ead0-03a4-42dfbfd66e32" executionId="68c5bc8b-cff4-4d9a-93d0-40d5da516c16" testListId="8c84fa94-04c1-424b-9868-57a2d4851a1d" />    <TestEntry testId="f4183073-d09d-07ee-a5b0-58385b38f93f" executionId="98df87af-1a2b-4ad6-a4e1-02c9cdb081dc" testListId="8c84fa94-04c1-424b-9868-57a2d4851a1d" />    <TestEntry testId="1ffadd00-49e6-1d0b-b6ad-ba9dc70a3b2a" executionId="f205a1e3-44b2-412f-bdf2-d1721d48313e" testListId="8c84fa94-04c1-424b-9868-57a2d4851a1d" />    <TestEntry testId="be33f02f-90c5-8d1d-2e15-5dce23b10aff" executionId="f8ceca5a-7a00-43d9-b51c-98054f2d4fd9" testListId="8c84fa94-04c1-424b-9868-57a2d4851a1d" />    <TestEntry testId="3f1b217c-ce32-02ce-56f4-29c36a11fe8b" executionId="5c1d8f52-effa-4da4-9d2a-207b7b5ec9d9" testListId="8c84fa94-04c1-424b-9868-57a2d4851a1d" />    <TestEntry testId="928ea2b7-a9a7-ac6c-dd81-6ffe0539a38c" executionId="62a6955f-8bcc-4303-b45c-9bf5f53d1881" testListId="8c84fa94-04c1-424b-9868-57a2d4851a1d" />    <TestEntry testId="f1bf8ea0-62e7-5b8c-5be1-232bb02aea7f" executionId="185a14ca-fe79-4657-9e5c-f74c55ae6ffc" testListId="8c84fa94-04c1-424b-9868-57a2d4851a1d" />    <TestEntry testId="5f62350a-10ba-3b9a-08a4-9fc5e69ce9f3" executionId="ed3e30ba-3257-4651-ad67-849da6f666d6" testListId="8c84fa94-04c1-424b-9868-57a2d4851a1d" />    <TestEntry testId="3802393f-9585-399f-110c-df12751411e5" executionId="b9f41156-cbeb-4164-bc00-2591643b7efd" testListId="8c84fa94-04c1-424b-9868-57a2d4851a1d" />    <TestEntry testId="77bc26e2-45ec-0946-d587-e258b06c0295" executionId="3f61a498-6cd3-4dc5-adbb-5eec427ad23b" testListId="8c84fa94-04c1-424b-9868-57a2d4851a1d" />    <TestEntry testId="b9013459-0683-4107-03c8-1f45aea2a22f" executionId="9282627a-e95f-43ae-9d74-99653cce960f" testListId="8c84fa94-04c1-424b-9868-57a2d4851a1d" />    <TestEntry testId="c0f91bda-25a9-ecce-1604-5f5aceae79d4" executionId="916b59ff-4d39-4b60-af3e-90a562bb578a" testListId="8c84fa94-04c1-424b-9868-57a2d4851a1d" />    <TestEntry testId="c563191c-7742-f6ef-d04d-8d1bd3a76cd8" executionId="a98ad2e6-ee15-4435-979a-77bf0ab65407" testListId="8c84fa94-04c1-424b-9868-57a2d4851a1d" />    <TestEntry testId="781c2832-1c33-fd33-f3ec-f714ea63693b" executionId="cc734390-5597-44d5-83da-e2ea06a53d26" testListId="8c84fa94-04c1-424b-9868-57a2d4851a1d" />    <TestEntry testId="122d7de3-dbe7-5624-ab93-c49791e7087e" executionId="19376321-0d87-4b91-b54a-4b36f9c5468d" testListId="8c84fa94-04c1-424b-9868-57a2d4851a1d" />    <TestEntry testId="c16153a9-5a5b-49f8-4bcd-7c2e70587a67" executionId="b10f4ba6-5537-43cb-8da4-4e9ab5d2ae28" testListId="8c84fa94-04c1-424b-9868-57a2d4851a1d" />    <TestEntry testId="3154abfa-7de5-474a-2fcd-9eed58aadd2d" executionId="0c70e2be-f3b5-4686-b873-0d6f15286ee6" testListId="8c84fa94-04c1-424b-9868-57a2d4851a1d" />    <TestEntry testId="f655edef-b397-8754-f377-655e295670e9" executionId="517b5a18-e6f3-4272-95cc-d4425513d036" testListId="8c84fa94-04c1-424b-9868-57a2d4851a1d" />    <TestEntry testId="c836e576-0f71-7f0e-53a5-57acc6dc6284" executionId="8816a4da-58da-44ee-ac57-90f09cd4bad9" testListId="8c84fa94-04c1-424b-9868-57a2d4851a1d" />    <TestEntry testId="e308f587-625a-831a-d20a-eb69ba7be13c" executionId="1a28388a-c9c2-4299-9a9e-8c56b63998b1" testListId="8c84fa94-04c1-424b-9868-57a2d4851a1d" />    <TestEntry testId="ef168c4e-ac87-78c4-a831-e03e6abfeb17" executionId="1e797a45-a2fe-4f85-8233-aa1d721e855c" testListId="8c84fa94-04c1-424b-9868-57a2d4851a1d" />    <TestEntry testId="6bf88a82-0f93-8616-bf65-9701b0c2b7c8" executionId="1ac6d165-19f4-4068-8a5f-4c9f56666697" testListId="8c84fa94-04c1-424b-9868-57a2d4851a1d" />    <TestEntry testId="41ec8cd2-0829-01cb-39cf-54d3e934ee5a" executionId="265906c5-0bf2-4de6-9641-bbfa9558d6d9" testListId="8c84fa94-04c1-424b-9868-57a2d4851a1d" />    <TestEntry testId="86c8b915-4c57-8408-ef00-ea4926a70ec8" executionId="5d8a34cd-b8b9-4eef-9d07-a5c3e187d409" testListId="8c84fa94-04c1-424b-9868-57a2d4851a1d" />    <TestEntry testId="2f3a4eaf-719e-da5e-1508-aba0a27fbc53" executionId="021e660a-13dc-4348-8c3b-f5d0682aec67" testListId="8c84fa94-04c1-424b-9868-57a2d4851a1d" />    <TestEntry testId="6abec567-22e8-3653-3257-7b7354d09b57" executionId="d2a19230-2f61-43ff-aba8-2c082013c3fe" testListId="8c84fa94-04c1-424b-9868-57a2d4851a1d" />    <TestEntry testId="a05a1cdc-5b78-30ad-3cf3-ca763dddc4f6" executionId="f912a75b-e166-41c4-a73a-834cd460a5a7" testListId="8c84fa94-04c1-424b-9868-57a2d4851a1d" />    <TestEntry testId="14977266-5478-a5ae-4472-39b77564b9a6" executionId="d6a0a485-9f01-45bb-a264-527c5c4ffc6e" testListId="8c84fa94-04c1-424b-9868-57a2d4851a1d" />    <TestEntry testId="ba4a45df-b6a0-4c94-d783-90dba16e6369" executionId="440371c1-b1f7-4f86-8a02-d12f294392ab" testListId="8c84fa94-04c1-424b-9868-57a2d4851a1d" />    <TestEntry testId="1cd557eb-71b3-ee78-c92c-ff44717d90d6" executionId="9b8f9cd0-b56d-4847-b3d6-d63f61b70de8" testListId="8c84fa94-04c1-424b-9868-57a2d4851a1d" />    <TestEntry testId="5cedac59-2f4a-a83b-6f58-1f458b92172f" executionId="a908ad83-4e55-4a45-884b-440b7c07d174" testListId="8c84fa94-04c1-424b-9868-57a2d4851a1d" />    <TestEntry testId="687dfcd0-7afd-c819-9731-4944ab371aa9" executionId="c87b7c23-1afe-4d99-92e8-203ac83fe55e" testListId="8c84fa94-04c1-424b-9868-57a2d4851a1d" />    <TestEntry testId="3cea4d4c-6dbb-833a-4504-e1dd102669db" executionId="12e9fce3-148c-4112-9881-ebc3c8254455" testListId="8c84fa94-04c1-424b-9868-57a2d4851a1d" />    <TestEntry testId="c54a6815-1719-61a3-f7a7-a238e312e5b1" executionId="f2246772-eaa5-4f8b-b7df-cddb164f80b7" testListId="8c84fa94-04c1-424b-9868-57a2d4851a1d" />    <TestEntry testId="cac7658f-505c-e31f-f8cd-80fa656fe293" executionId="84758b60-05be-47a9-9ca1-4a9db21617e7" testListId="8c84fa94-04c1-424b-9868-57a2d4851a1d" />    <TestEntry testId="9e55a8c5-d42c-e0ab-ebce-a03da689687e" executionId="c2184596-960d-4a76-bf63-f6db8e4d3af1" testListId="8c84fa94-04c1-424b-9868-57a2d4851a1d" />    <TestEntry testId="20511c02-f23b-ded3-caff-62a60ba472ef" executionId="cf0f19e5-3011-4fcd-a6b8-7fffdd7b27ef" testListId="8c84fa94-04c1-424b-9868-57a2d4851a1d" />    <TestEntry testId="fc5ecb34-8d3b-c3f1-c0c8-ad4f84040c65" executionId="5b70f90c-2de5-470c-8a57-a8c9bfdb17c0" testListId="8c84fa94-04c1-424b-9868-57a2d4851a1d" />    <TestEntry testId="d9235f0d-54c0-c8c5-ef9b-d2d14db81e38" executionId="7a665d3a-ee9d-4d7d-ba8c-997b4588a16f" testListId="8c84fa94-04c1-424b-9868-57a2d4851a1d" />    <TestEntry testId="0ec997df-36a1-90ae-c4c0-7ea1d3a28cf5" executionId="6a6febe1-cbad-462e-8101-918d0435727b" testListId="8c84fa94-04c1-424b-9868-57a2d4851a1d" />    <TestEntry testId="45bf4967-ef9b-f492-99ff-aef38451a67e" executionId="f430e5e2-3829-44f0-b994-79df513e6787" testListId="8c84fa94-04c1-424b-9868-57a2d4851a1d" />    <TestEntry testId="669f512c-a39f-87bd-4074-096216d78698" executionId="58897ba3-0fe3-4ea1-a319-3d6a768e07e5" testListId="8c84fa94-04c1-424b-9868-57a2d4851a1d" />    <TestEntry testId="026748de-419f-252e-9ec5-bf8a291e25f3" executionId="2b2d950f-cc2f-4309-99ed-cda2b1a60295" testListId="8c84fa94-04c1-424b-9868-57a2d4851a1d" />    <TestEntry testId="313131a4-93f0-b6fe-bdf3-6e658c446092" executionId="36779306-8f42-4cb4-9592-a416e6981958" testListId="8c84fa94-04c1-424b-9868-57a2d4851a1d" />    <TestEntry testId="7ccd74d4-30d2-3895-6ae0-81003a665311" executionId="cb48e8b8-aa4d-4728-8598-deaf2998bfea" testListId="8c84fa94-04c1-424b-9868-57a2d4851a1d" />    <TestEntry testId="9aec86ee-d373-0683-acd9-af75e3117cce" executionId="91f073c2-9ad6-4c6c-b235-955e295fbf57" testListId="8c84fa94-04c1-424b-9868-57a2d4851a1d" />    <TestEntry testId="72c781a9-651d-f24a-d790-7206eb94c5a0" executionId="a4e621d7-c37c-47e6-afbf-502839f3c392" testListId="8c84fa94-04c1-424b-9868-57a2d4851a1d" />    <TestEntry testId="3bc81ed3-63f0-f4f5-d836-10894f91538a" executionId="cec3bcba-0e79-467c-991f-5894f02aa91a" testListId="8c84fa94-04c1-424b-9868-57a2d4851a1d" />    <TestEntry testId="44b9c85f-7f5c-944e-9cb5-248ca7324a0f" executionId="aea26d2a-e3ed-4e9d-a058-cbfd171128f9" testListId="8c84fa94-04c1-424b-9868-57a2d4851a1d" />    <TestEntry testId="04472e54-c4b3-b428-9902-e3188bf06913" executionId="798e5bc9-1c93-4bc8-abf0-028f14d7f33a" testListId="8c84fa94-04c1-424b-9868-57a2d4851a1d" />    <TestEntry testId="7281a549-3cb8-a222-0f6c-640e0f362601" executionId="742051ce-315a-4a6c-beae-3d0611105139" testListId="8c84fa94-04c1-424b-9868-57a2d4851a1d" />    <TestEntry testId="e49bbf5a-ea58-7417-f72c-27fdf7f7e04d" executionId="277b0d7a-8c66-4d9e-a3d6-351272342a70" testListId="8c84fa94-04c1-424b-9868-57a2d4851a1d" />    <TestEntry testId="e1abdace-ba25-a81d-7dd3-76acf866e486" executionId="04210889-44ed-4b44-a6fb-5e29df060c2e" testListId="8c84fa94-04c1-424b-9868-57a2d4851a1d" />    <TestEntry testId="2d03aae2-e22e-04d0-47e2-fb667ac89651" executionId="edc1f403-a0c7-4d4b-b4c8-93b9fe7ba8eb" testListId="8c84fa94-04c1-424b-9868-57a2d4851a1d" />    <TestEntry testId="6a88000a-c302-8141-5f97-a6ced567e031" executionId="33b2299c-10f8-4d56-af11-52c3d095fd82" testListId="8c84fa94-04c1-424b-9868-57a2d4851a1d" />    <TestEntry testId="49d2b8d2-65a2-19fc-4d27-b3ed539d1bfa" executionId="83c6c695-c382-469c-b9c9-f957081fa9b4" testListId="8c84fa94-04c1-424b-9868-57a2d4851a1d" />    <TestEntry testId="a2705a06-c48d-08f0-aa9c-47e54ce86ebc" executionId="da1c1f10-f067-4cf6-8575-d6d83bb349ce" testListId="8c84fa94-04c1-424b-9868-57a2d4851a1d" />    <TestEntry testId="a4644bbb-1da6-0e14-2c27-4230fbd562dc" executionId="127fac74-debe-4e34-b351-964df71fcfe6" testListId="8c84fa94-04c1-424b-9868-57a2d4851a1d" />    <TestEntry testId="8e610927-8efe-fe22-41e8-f28459468f09" executionId="f2b88a5a-4c9a-47cd-bbd8-c696f245bf9e" testListId="8c84fa94-04c1-424b-9868-57a2d4851a1d" />    <TestEntry testId="bb7b8bed-0812-d2e1-9356-30109aeadac0" executionId="54240724-785c-4863-9216-89e2d8228e96" testListId="8c84fa94-04c1-424b-9868-57a2d4851a1d" />    <TestEntry testId="2d1d592b-597a-0ee5-fe03-088653373603" executionId="6c8e566d-f101-4224-8bb6-058cf24a3393" testListId="8c84fa94-04c1-424b-9868-57a2d4851a1d" />    <TestEntry testId="0c00bb53-2494-ddbf-e8c1-515c3527f8c1" executionId="4723f850-7033-4b30-9d53-8b35800b63a3" testListId="8c84fa94-04c1-424b-9868-57a2d4851a1d" />    <TestEntry testId="ea720ff4-4a77-604c-6303-3e55d4c0d501" executionId="e90078ae-9d3b-4e51-b4d5-2d7ac7c21f9b" testListId="8c84fa94-04c1-424b-9868-57a2d4851a1d" />    <TestEntry testId="a7e477ce-f9e6-2282-4a8e-c4ac96f9ed22" executionId="fe3339a2-70a6-4708-8a6c-d654bb3af110" testListId="8c84fa94-04c1-424b-9868-57a2d4851a1d" />    <TestEntry testId="74c6e717-9c13-c2b7-b6e0-c0d7dc9636ce" executionId="037a51db-04a6-4e01-8835-70cd0efb84cb" testListId="8c84fa94-04c1-424b-9868-57a2d4851a1d" />    <TestEntry testId="4d359fcf-a5d1-efc3-9843-c249d2e857bd" executionId="4b90943c-067f-432a-ab50-d3b99b59826a" testListId="8c84fa94-04c1-424b-9868-57a2d4851a1d" />    <TestEntry testId="aa7bbb35-ba7c-a656-3bb0-aca6a0df3cc1" executionId="8dc81eba-afc5-4a99-9b5c-db5d9dcd5591" testListId="8c84fa94-04c1-424b-9868-57a2d4851a1d" />    <TestEntry testId="66fff366-0a40-720c-5230-1229347cfe4c" executionId="2eb4b52a-8c33-4805-b752-6ccba9e3c8d2" testListId="8c84fa94-04c1-424b-9868-57a2d4851a1d" />    <TestEntry testId="8c0c2798-7019-6e57-70d5-b03b9711759b" executionId="b83abc7d-b1a7-482b-a144-3da3a68dde3c" testListId="8c84fa94-04c1-424b-9868-57a2d4851a1d" />    <TestEntry testId="a4742de9-39bf-5d5f-4df7-8c29d6441ab0" executionId="5f22c3ba-97f4-4f92-b65f-9e59fdf104d3" testListId="8c84fa94-04c1-424b-9868-57a2d4851a1d" />    <TestEntry testId="df233803-875d-9714-f397-054679fa0b52" executionId="8155cc27-7284-4dd5-b4e6-29b28afb9bc2" testListId="8c84fa94-04c1-424b-9868-57a2d4851a1d" />    <TestEntry testId="25a910de-9d69-618c-70e4-4ec581434bab" executionId="a519c3f8-ac5f-40d5-8769-534c0b81eca1" testListId="8c84fa94-04c1-424b-9868-57a2d4851a1d" />    <TestEntry testId="f7fd82f3-34c3-839c-70af-0804d4a21f9e" executionId="7ae42763-aceb-4b96-9928-2c0529bcc3fb" testListId="8c84fa94-04c1-424b-9868-57a2d4851a1d" />    <TestEntry testId="cbbbc49c-e46b-81b6-83b8-8e0b2144fdc4" executionId="716d40de-9116-41eb-adcc-8465ad476540" testListId="8c84fa94-04c1-424b-9868-57a2d4851a1d" />    <TestEntry testId="87227436-3e9e-5e9c-161b-25d02aa8c1cc" executionId="ff7531ff-5e68-4545-b65e-14e9a27420ce" testListId="8c84fa94-04c1-424b-9868-57a2d4851a1d" />    <TestEntry testId="e6b0f534-536d-e0f7-3886-be6a8421cf45" executionId="03ddacdf-1905-47ee-af50-32012227914c" testListId="8c84fa94-04c1-424b-9868-57a2d4851a1d" />    <TestEntry testId="cee746dd-3db5-d584-b879-fcee010ce4c1" executionId="4be66b16-b199-4ac9-95c0-72e2621ea2ca" testListId="8c84fa94-04c1-424b-9868-57a2d4851a1d" />    <TestEntry testId="802d12a9-edb4-e61c-eff0-ab27a56dc6ac" executionId="ae298f52-6fd1-47de-9523-a5948b7790e1" testListId="8c84fa94-04c1-424b-9868-57a2d4851a1d" />  </TestEntries>  <TestLists>    <TestList name="Results Not in a List" id="8c84fa94-04c1-424b-9868-57a2d4851a1d" />    <TestList name="All Loaded Results" id="19431567-8539-422a-85d7-44ee4e166bda" />  </TestLists>  <ResultSummary outcome="Completed">    <Counters total="637" executed="637" passed="619" failed="18" error="0" timeout="0" aborted="0" inconclusive="0" passedButRunAborted="0" notRunnable="0" notExecuted="0" disconnected="0" warning="0" completed="0" inProgress="0" pending="0" />  </ResultSummary></TestRun>